{"level":"info","message":"21:function getMinutes() { [native code] } - 2:7:2023 | Info: Web Server has been started"}
{"level":"info","message":"21:function getMinutes() { [native code] } - 2:7:2023 | Info: Command Loaded: bassboost"}
{"level":"info","message":"21:function getMinutes() { [native code] } - 2:7:2023 | Info: Command Loaded: bump"}
{"level":"info","message":"21:function getMinutes() { [native code] } - 2:7:2023 | Info: Command Loaded: clear"}
{"level":"info","message":"21:function getMinutes() { [native code] } - 2:7:2023 | Info: Command Loaded: config"}
{"level":"info","message":"21:function getMinutes() { [native code] } - 2:7:2023 | Info: Command Loaded: disconnect"}
{"level":"info","message":"21:function getMinutes() { [native code] } - 2:7:2023 | Info: Command Loaded: grab"}
{"level":"info","message":"21:function getMinutes() { [native code] } - 2:7:2023 | Info: Command Loaded: help"}
{"level":"info","message":"21:function getMinutes() { [native code] } - 2:7:2023 | Info: Command Loaded: invite"}
{"level":"info","message":"21:function getMinutes() { [native code] } - 2:7:2023 | Info: Command Loaded: loop"}
{"level":"info","message":"21:function getMinutes() { [native code] } - 2:7:2023 | Info: Command Loaded: loopqueue"}
{"level":"info","message":"21:function getMinutes() { [native code] } - 2:7:2023 | Info: Command Loaded: lyrics"}
{"level":"info","message":"21:function getMinutes() { [native code] } - 2:7:2023 | Info: Command Loaded: move"}
{"level":"info","message":"21:function getMinutes() { [native code] } - 2:7:2023 | Info: Command Loaded: nowplaying"}
{"level":"info","message":"21:function getMinutes() { [native code] } - 2:7:2023 | Info: Command Loaded: pause"}
{"level":"info","message":"21:function getMinutes() { [native code] } - 2:7:2023 | Info: Command Loaded: play"}
{"level":"info","message":"21:function getMinutes() { [native code] } - 2:7:2023 | Info: Command Loaded: queue"}
{"level":"info","message":"21:function getMinutes() { [native code] } - 2:7:2023 | Info: Command Loaded: remove"}
{"level":"info","message":"21:function getMinutes() { [native code] } - 2:7:2023 | Info: Command Loaded: resume"}
{"level":"info","message":"21:function getMinutes() { [native code] } - 2:7:2023 | Info: Command Loaded: search"}
{"level":"info","message":"21:function getMinutes() { [native code] } - 2:7:2023 | Info: Command Loaded: seek"}
{"level":"info","message":"21:function getMinutes() { [native code] } - 2:7:2023 | Info: Command Loaded: shuffle"}
{"level":"info","message":"21:function getMinutes() { [native code] } - 2:7:2023 | Info: Command Loaded: skip"}
{"level":"info","message":"21:function getMinutes() { [native code] } - 2:7:2023 | Info: Command Loaded: skipto"}
{"level":"info","message":"21:function getMinutes() { [native code] } - 2:7:2023 | Info: Command Loaded: stats"}
{"level":"info","message":"21:function getMinutes() { [native code] } - 2:7:2023 | Info: Command Loaded: volume"}
{"level":"info","message":"21:function getMinutes() { [native code] } - 2:7:2023 | Info: Command Loaded: youtube"}
{"level":"info","message":"21:function getMinutes() { [native code] } - 2:7:2023 | Info: Event Loaded: guildCreate"}
{"level":"info","message":"21:function getMinutes() { [native code] } - 2:7:2023 | Info: Event Loaded: message"}
{"level":"info","message":"21:function getMinutes() { [native code] } - 2:7:2023 | Info: Event Loaded: raw"}
{"level":"info","message":"21:function getMinutes() { [native code] } - 2:7:2023 | Info: Event Loaded: ready"}
{"level":"info","message":"21:function getMinutes() { [native code] } - 2:7:2023 | Info: Event Loaded: voiceStateUpdate"}
{"level":"info","message":"21:function getMinutes() { [native code] } - 2:7:2023 | Info: Successfully Logged in as Cleitin DJ#5631"}
{"level":"info","message":"21:function getMinutes() { [native code] } - 2:7:2023 | Info: Registering slash commands for 859457830691536896"}
{"level":"info","message":"21:function getMinutes() { [native code] } - 2:7:2023 | Info: Registering slash commands for 1025526310140907533"}
{"level":"info","message":"21:function getMinutes() { [native code] } - 2:7:2023 | Info: [Slash Command]: [POST] Guild 859457830691536896, Command: bassboost"}
{"level":"info","message":"21:function getMinutes() { [native code] } - 2:7:2023 | Info: [Slash Command]: [POST] Guild 859457830691536896, Command: bump"}
{"level":"info","message":"21:function getMinutes() { [native code] } - 2:7:2023 | Info: [Slash Command]: [POST] Guild 859457830691536896, Command: clear"}
{"level":"info","message":"21:function getMinutes() { [native code] } - 2:7:2023 | Info: [Slash Command]: [POST] Guild 859457830691536896, Command: config"}
{"level":"info","message":"21:function getMinutes() { [native code] } - 2:7:2023 | Info: [Slash Command]: [POST] Guild 859457830691536896, Command: disconnect"}
{"level":"info","message":"21:function getMinutes() { [native code] } - 2:7:2023 | Info: [Slash Command]: [POST] Guild 859457830691536896, Command: grab"}
{"level":"info","message":"21:function getMinutes() { [native code] } - 2:7:2023 | Info: [Slash Command]: [POST] Guild 859457830691536896, Command: help"}
{"level":"info","message":"21:function getMinutes() { [native code] } - 2:7:2023 | Info: [Slash Command]: [POST] Guild 859457830691536896, Command: invite"}
{"level":"info","message":"21:function getMinutes() { [native code] } - 2:7:2023 | Info: [Slash Command]: [POST] Guild 859457830691536896, Command: loop"}
{"level":"info","message":"21:function getMinutes() { [native code] } - 2:7:2023 | Info: [Slash Command]: [POST] Guild 859457830691536896, Command: loopqueue"}
{"level":"info","message":"21:function getMinutes() { [native code] } - 2:7:2023 | Info: [Slash Command]: [POST] Guild 859457830691536896, Command: lyrics"}
{"level":"info","message":"21:function getMinutes() { [native code] } - 2:7:2023 | Info: [Slash Command]: [POST] Guild 859457830691536896, Command: move"}
{"level":"info","message":"21:function getMinutes() { [native code] } - 2:7:2023 | Info: [Slash Command]: [POST] Guild 859457830691536896, Command: nowplaying"}
{"level":"info","message":"21:function getMinutes() { [native code] } - 2:7:2023 | Info: [Slash Command]: [POST] Guild 859457830691536896, Command: pause"}
{"level":"info","message":"21:function getMinutes() { [native code] } - 2:7:2023 | Info: [Slash Command]: [POST] Guild 859457830691536896, Command: play"}
{"level":"info","message":"21:function getMinutes() { [native code] } - 2:7:2023 | Info: [Slash Command]: [POST] Guild 859457830691536896, Command: queue"}
{"level":"info","message":"21:function getMinutes() { [native code] } - 2:7:2023 | Info: [Slash Command]: [POST] Guild 859457830691536896, Command: remove"}
{"level":"info","message":"21:function getMinutes() { [native code] } - 2:7:2023 | Info: [Slash Command]: [POST] Guild 859457830691536896, Command: resume"}
{"level":"info","message":"21:function getMinutes() { [native code] } - 2:7:2023 | Info: [Slash Command]: [POST] Guild 859457830691536896, Command: search"}
{"level":"info","message":"21:function getMinutes() { [native code] } - 2:7:2023 | Info: [Slash Command]: [POST] Guild 859457830691536896, Command: shuffle"}
{"level":"info","message":"21:function getMinutes() { [native code] } - 2:7:2023 | Info: [Slash Command]: [POST] Guild 859457830691536896, Command: skip"}
{"level":"info","message":"21:function getMinutes() { [native code] } - 2:7:2023 | Info: [Slash Command]: [POST] Guild 859457830691536896, Command: skipto"}
{"level":"info","message":"21:function getMinutes() { [native code] } - 2:7:2023 | Info: [Slash Command]: [POST] Guild 859457830691536896, Command: stats"}
{"level":"info","message":"21:function getMinutes() { [native code] } - 2:7:2023 | Info: [Slash Command]: [POST] Guild 859457830691536896, Command: volume"}
{"level":"info","message":"21:function getMinutes() { [native code] } - 2:7:2023 | Info: [Slash Command]: [POST] Guild 859457830691536896, Command: youtube"}
{"level":"info","message":"21:function getMinutes() { [native code] } - 2:7:2023 | Info: [Slash Command]: [POST] Guild 1025526310140907533, Command: bassboost"}
{"level":"info","message":"21:function getMinutes() { [native code] } - 2:7:2023 | Info: [Slash Command]: [POST] Guild 1025526310140907533, Command: bump"}
{"level":"info","message":"21:function getMinutes() { [native code] } - 2:7:2023 | Info: [Slash Command]: [POST] Guild 1025526310140907533, Command: clear"}
{"level":"info","message":"21:function getMinutes() { [native code] } - 2:7:2023 | Info: [Slash Command]: [POST] Guild 1025526310140907533, Command: config"}
{"level":"info","message":"21:function getMinutes() { [native code] } - 2:7:2023 | Info: [Slash Command]: [POST] Guild 1025526310140907533, Command: disconnect"}
{"level":"info","message":"21:function getMinutes() { [native code] } - 2:7:2023 | Info: [Slash Command]: [POST] Guild 1025526310140907533, Command: grab"}
{"level":"info","message":"21:function getMinutes() { [native code] } - 2:7:2023 | Info: [Slash Command]: [POST] Guild 1025526310140907533, Command: help"}
{"level":"info","message":"21:function getMinutes() { [native code] } - 2:7:2023 | Info: [Slash Command]: [POST] Guild 1025526310140907533, Command: invite"}
{"level":"info","message":"21:function getMinutes() { [native code] } - 2:7:2023 | Info: [Slash Command]: [POST] Guild 1025526310140907533, Command: loop"}
{"level":"info","message":"21:function getMinutes() { [native code] } - 2:7:2023 | Info: [Slash Command]: [POST] Guild 1025526310140907533, Command: loopqueue"}
{"level":"info","message":"21:function getMinutes() { [native code] } - 2:7:2023 | Info: [Slash Command]: [POST] Guild 1025526310140907533, Command: lyrics"}
{"level":"info","message":"21:function getMinutes() { [native code] } - 2:7:2023 | Info: [Slash Command]: [POST] Guild 1025526310140907533, Command: move"}
{"level":"info","message":"21:function getMinutes() { [native code] } - 2:7:2023 | Info: [Slash Command]: [POST] Guild 1025526310140907533, Command: nowplaying"}
{"level":"info","message":"21:function getMinutes() { [native code] } - 2:7:2023 | Info: [Slash Command]: [POST] Guild 1025526310140907533, Command: pause"}
{"level":"info","message":"21:function getMinutes() { [native code] } - 2:7:2023 | Info: [Slash Command]: [POST] Guild 1025526310140907533, Command: play"}
{"level":"info","message":"21:function getMinutes() { [native code] } - 2:7:2023 | Info: [Slash Command]: [POST] Guild 1025526310140907533, Command: queue"}
{"level":"info","message":"21:function getMinutes() { [native code] } - 2:7:2023 | Info: [Slash Command]: [POST] Guild 1025526310140907533, Command: remove"}
{"level":"info","message":"21:function getMinutes() { [native code] } - 2:7:2023 | Info: [Slash Command]: [POST] Guild 1025526310140907533, Command: resume"}
{"level":"info","message":"21:function getMinutes() { [native code] } - 2:7:2023 | Info: [Slash Command]: [POST] Guild 1025526310140907533, Command: search"}
{"level":"info","message":"21:function getMinutes() { [native code] } - 2:7:2023 | Info: [Slash Command]: [POST] Guild 1025526310140907533, Command: shuffle"}
{"level":"info","message":"21:function getMinutes() { [native code] } - 2:7:2023 | Info: [Slash Command]: [POST] Guild 1025526310140907533, Command: skip"}
{"level":"info","message":"21:function getMinutes() { [native code] } - 2:7:2023 | Info: [Slash Command]: [POST] Guild 1025526310140907533, Command: skipto"}
{"level":"info","message":"21:function getMinutes() { [native code] } - 2:7:2023 | Info: [Slash Command]: [POST] Guild 1025526310140907533, Command: stats"}
{"level":"info","message":"21:function getMinutes() { [native code] } - 2:7:2023 | Info: [Slash Command]: [POST] Guild 1025526310140907533, Command: volume"}
{"level":"info","message":"21:function getMinutes() { [native code] } - 2:7:2023 | Info: [Slash Command]: [POST] Guild 1025526310140907533, Command: youtube"}
{"level":"info","message":"21:function getMinutes() { [native code] } - 2:7:2023 | Info: Lavalink: Node Main had an error: getaddrinfo ENOTFOUND lavalink.snooby.ml"}
{"level":"info","message":"21:function getMinutes() { [native code] } - 2:7:2023 | Info: Lavalink: Node Main had an error: getaddrinfo ENOTFOUND lavalink.snooby.ml"}
{"level":"info","message":"21:function getMinutes() { [native code] } - 2:7:2023 | Info: Lavalink: Node Main had an error: getaddrinfo ENOTFOUND lavalink.snooby.ml"}
{"level":"info","message":"21:function getMinutes() { [native code] } - 2:7:2023 | Info: Lavalink: Node Main had an error: getaddrinfo ENOTFOUND lavalink.snooby.ml"}
{"level":"info","message":"21:function getMinutes() { [native code] } - 2:7:2023 | Info: Lavalink: Node Main had an error: getaddrinfo ENOTFOUND lavalink.snooby.ml"}
{"level":"info","message":"21:function getMinutes() { [native code] } - 2:7:2023 | Info: Lavalink: Node Main had an error: getaddrinfo ENOTFOUND lavalink.snooby.ml"}
{"level":"info","message":"21:function getMinutes() { [native code] } - 2:7:2023 | Info: Lavalink: Node Main had an error: getaddrinfo ENOTFOUND lavalink.snooby.ml"}
{"level":"info","message":"21:function getMinutes() { [native code] } - 2:7:2023 | Info: Lavalink: Node Main had an error: getaddrinfo ENOTFOUND lavalink.snooby.ml"}
{"level":"info","message":"21:function getMinutes() { [native code] } - 2:7:2023 | Info: Lavalink: Node Main had an error: getaddrinfo ENOTFOUND lavalink.snooby.ml"}
{"level":"info","message":"21:function getMinutes() { [native code] } - 2:7:2023 | Info: Lavalink: Node Main had an error: getaddrinfo ENOTFOUND lavalink.snooby.ml"}
{"level":"info","message":"21:function getMinutes() { [native code] } - 2:7:2023 | Info: Lavalink: Node Main had an error: getaddrinfo ENOTFOUND lavalink.snooby.ml"}
{"level":"info","message":"21:function getMinutes() { [native code] } - 2:7:2023 | Info: Lavalink: Node Main had an error: getaddrinfo ENOTFOUND lavalink.snooby.ml"}
{"level":"info","message":"21:function getMinutes() { [native code] } - 2:7:2023 | Info: Lavalink: Node Main had an error: getaddrinfo ENOTFOUND lavalink.snooby.ml"}
{"level":"info","message":"21:function getMinutes() { [native code] } - 2:7:2023 | Info: Lavalink: Node Main had an error: getaddrinfo ENOTFOUND lavalink.snooby.ml"}
{"level":"info","message":"21:function getMinutes() { [native code] } - 2:7:2023 | Info: Lavalink: Node Main had an error: getaddrinfo ENOTFOUND lavalink.snooby.ml"}
{"level":"info","message":"21:function getMinutes() { [native code] } - 2:7:2023 | Info: Lavalink: Node Main had an error: getaddrinfo ENOTFOUND lavalink.snooby.ml"}
{"level":"info","message":"21:function getMinutes() { [native code] } - 2:7:2023 | Info: Lavalink: Node Main had an error: getaddrinfo ENOTFOUND lavalink.snooby.ml"}
{"level":"info","message":"21:function getMinutes() { [native code] } - 2:7:2023 | Info: Lavalink: Node Main had an error: getaddrinfo ENOTFOUND lavalink.snooby.ml"}
{"level":"info","message":"21:function getMinutes() { [native code] } - 2:7:2023 | Info: Lavalink: Node Main had an error: getaddrinfo ENOTFOUND lavalink.snooby.ml"}
{"level":"info","message":"21:function getMinutes() { [native code] } - 2:7:2023 | Info: Lavalink: Node Main had an error: getaddrinfo ENOTFOUND lavalink.snooby.ml"}
{"level":"info","message":"21:function getMinutes() { [native code] } - 2:7:2023 | Info: Lavalink: Node Main had an error: getaddrinfo ENOTFOUND lavalink.snooby.ml"}
{"level":"info","message":"21:function getMinutes() { [native code] } - 2:7:2023 | Info: Lavalink: Node Main had an error: getaddrinfo ENOTFOUND lavalink.snooby.ml"}
{"level":"info","message":"21:function getMinutes() { [native code] } - 2:7:2023 | Info: Lavalink: Node Main had an error: getaddrinfo ENOTFOUND lavalink.snooby.ml"}
{"level":"info","message":"21:function getMinutes() { [native code] } - 2:7:2023 | Info: Lavalink: Node Main had an error: getaddrinfo ENOTFOUND lavalink.snooby.ml"}
{"level":"info","message":"21:function getMinutes() { [native code] } - 2:7:2023 | Info: Lavalink: Node Main had an error: getaddrinfo ENOTFOUND lavalink.snooby.ml"}
{"level":"info","message":"21:function getMinutes() { [native code] } - 2:7:2023 | Info: Lavalink: Node Main had an error: getaddrinfo ENOTFOUND lavalink.snooby.ml"}
{"level":"info","message":"21:function getMinutes() { [native code] } - 2:7:2023 | Info: Lavalink: Node Main had an error: getaddrinfo ENOTFOUND lavalink.snooby.ml"}
{"level":"info","message":"21:function getMinutes() { [native code] } - 2:7:2023 | Info: Lavalink: Node Main had an error: getaddrinfo ENOTFOUND lavalink.snooby.ml"}
{"level":"info","message":"21:function getMinutes() { [native code] } - 2:7:2023 | Info: Lavalink: Node Main had an error: getaddrinfo ENOTFOUND lavalink.snooby.ml"}
{"level":"info","message":"21:function getMinutes() { [native code] } - 2:7:2023 | Info: Lavalink: Node Main had an error: getaddrinfo ENOTFOUND lavalink.snooby.ml"}
{"level":"info","message":"21:function getMinutes() { [native code] } - 2:7:2023 | Info: Lavalink: Node Main had an error: getaddrinfo ENOTFOUND lavalink.snooby.ml"}
{"level":"info","message":"21:function getMinutes() { [native code] } - 2:7:2023 | Info: Lavalink: Node Main had an error: getaddrinfo ENOTFOUND lavalink.snooby.ml"}
{"level":"info","message":"21:function getMinutes() { [native code] } - 2:7:2023 | Info: Lavalink: Node Main had an error: getaddrinfo ENOTFOUND lavalink.snooby.ml"}
{"level":"info","message":"21:function getMinutes() { [native code] } - 2:7:2023 | Info: Lavalink: Node Main had an error: getaddrinfo ENOTFOUND lavalink.snooby.ml"}
{"level":"info","message":"21:function getMinutes() { [native code] } - 2:7:2023 | Info: Lavalink: Node Main had an error: getaddrinfo ENOTFOUND lavalink.snooby.ml"}
{"level":"info","message":"21:function getMinutes() { [native code] } - 2:7:2023 | Info: Lavalink: Node Main had an error: getaddrinfo ENOTFOUND lavalink.snooby.ml"}
{"level":"info","message":"21:function getMinutes() { [native code] } - 2:7:2023 | Info: Lavalink: Node Main had an error: getaddrinfo ENOTFOUND lavalink.snooby.ml"}
{"level":"info","message":"21:function getMinutes() { [native code] } - 2:7:2023 | Info: Lavalink: Node Main had an error: getaddrinfo ENOTFOUND lavalink.snooby.ml"}
{"level":"info","message":"21:function getMinutes() { [native code] } - 2:7:2023 | Info: Lavalink: Node Main had an error: getaddrinfo ENOTFOUND lavalink.snooby.ml"}
{"level":"info","message":"21:function getMinutes() { [native code] } - 2:7:2023 | Info: Lavalink: Node Main had an error: getaddrinfo ENOTFOUND lavalink.snooby.ml"}
{"level":"info","message":"21:function getMinutes() { [native code] } - 2:7:2023 | Info: Lavalink: Node Main had an error: getaddrinfo ENOTFOUND lavalink.snooby.ml"}
{"level":"info","message":"21:function getMinutes() { [native code] } - 2:7:2023 | Info: Lavalink: Node Main had an error: getaddrinfo ENOTFOUND lavalink.snooby.ml"}
{"level":"info","message":"21:function getMinutes() { [native code] } - 2:7:2023 | Info: Lavalink: Node Main had an error: getaddrinfo ENOTFOUND lavalink.snooby.ml"}
{"level":"info","message":"21:function getMinutes() { [native code] } - 2:7:2023 | Info: Lavalink: Node Main had an error: getaddrinfo ENOTFOUND lavalink.snooby.ml"}
{"level":"info","message":"21:function getMinutes() { [native code] } - 2:7:2023 | Info: Lavalink: Node Main had an error: getaddrinfo ENOTFOUND lavalink.snooby.ml"}
{"level":"info","message":"21:function getMinutes() { [native code] } - 2:7:2023 | Info: Lavalink: Node Main had an error: getaddrinfo ENOTFOUND lavalink.snooby.ml"}
{"level":"info","message":"21:function getMinutes() { [native code] } - 2:7:2023 | Info: Lavalink: Node Main had an error: getaddrinfo ENOTFOUND lavalink.snooby.ml"}
{"level":"info","message":"21:function getMinutes() { [native code] } - 2:7:2023 | Info: Lavalink: Node Main had an error: getaddrinfo ENOTFOUND lavalink.snooby.ml"}
{"level":"info","message":"21:function getMinutes() { [native code] } - 2:7:2023 | Info: Lavalink: Node Main had an error: getaddrinfo ENOTFOUND lavalink.snooby.ml"}
{"level":"info","message":"21:function getMinutes() { [native code] } - 2:7:2023 | Info: Lavalink: Node Main had an error: getaddrinfo ENOTFOUND lavalink.snooby.ml"}
{"level":"info","message":"21:function getMinutes() { [native code] } - 2:7:2023 | Info: Lavalink: Node Main had an error: getaddrinfo ENOTFOUND lavalink.snooby.ml"}
{"level":"info","message":"21:function getMinutes() { [native code] } - 2:7:2023 | Info: Lavalink: Node Main had an error: getaddrinfo ENOTFOUND lavalink.snooby.ml"}
{"level":"info","message":"21:function getMinutes() { [native code] } - 2:7:2023 | Info: Lavalink: Node Main had an error: getaddrinfo ENOTFOUND lavalink.snooby.ml"}
{"level":"info","message":"21:function getMinutes() { [native code] } - 2:7:2023 | Info: Lavalink: Node Main had an error: getaddrinfo ENOTFOUND lavalink.snooby.ml"}
{"level":"info","message":"21:function getMinutes() { [native code] } - 2:7:2023 | Info: Lavalink: Node Main had an error: getaddrinfo ENOTFOUND lavalink.snooby.ml"}
{"level":"info","message":"21:function getMinutes() { [native code] } - 2:7:2023 | Info: Lavalink: Node Main had an error: getaddrinfo ENOTFOUND lavalink.snooby.ml"}
{"level":"info","message":"21:function getMinutes() { [native code] } - 2:7:2023 | Info: Lavalink: Node Main had an error: getaddrinfo ENOTFOUND lavalink.snooby.ml"}
{"level":"info","message":"21:function getMinutes() { [native code] } - 2:7:2023 | Info: Lavalink: Node Main had an error: getaddrinfo ENOTFOUND lavalink.snooby.ml"}
{"level":"info","message":"21:function getMinutes() { [native code] } - 2:7:2023 | Info: Lavalink: Node Main had an error: getaddrinfo ENOTFOUND lavalink.snooby.ml"}
{"level":"info","message":"21:function getMinutes() { [native code] } - 2:7:2023 | Info: Lavalink: Node Main had an error: getaddrinfo ENOTFOUND lavalink.snooby.ml"}
{"level":"info","message":"21:function getMinutes() { [native code] } - 2:7:2023 | Info: Lavalink: Node Main had an error: getaddrinfo ENOTFOUND lavalink.snooby.ml"}
{"level":"info","message":"21:function getMinutes() { [native code] } - 2:7:2023 | Info: Lavalink: Node Main had an error: getaddrinfo ENOTFOUND lavalink.snooby.ml"}
{"level":"info","message":"21:function getMinutes() { [native code] } - 2:7:2023 | Info: Lavalink: Node Main had an error: getaddrinfo ENOTFOUND lavalink.snooby.ml"}
{"level":"info","message":"21:function getMinutes() { [native code] } - 2:7:2023 | Info: Lavalink: Node Main had an error: getaddrinfo ENOTFOUND lavalink.snooby.ml"}
{"level":"info","message":"21:function getMinutes() { [native code] } - 2:7:2023 | Info: Lavalink: Node Main had an error: getaddrinfo ENOTFOUND lavalink.snooby.ml"}
{"level":"info","message":"21:function getMinutes() { [native code] } - 2:7:2023 | Info: Lavalink: Node Main had an error: getaddrinfo ENOTFOUND lavalink.snooby.ml"}
{"level":"info","message":"21:function getMinutes() { [native code] } - 2:7:2023 | Info: Lavalink: Node Main had an error: getaddrinfo ENOTFOUND lavalink.snooby.ml"}
{"level":"info","message":"21:function getMinutes() { [native code] } - 2:7:2023 | Info: Lavalink: Node Main had an error: getaddrinfo ENOTFOUND lavalink.snooby.ml"}
{"level":"info","message":"21:function getMinutes() { [native code] } - 2:7:2023 | Info: Lavalink: Node Main had an error: getaddrinfo ENOTFOUND lavalink.snooby.ml"}
{"level":"info","message":"21:function getMinutes() { [native code] } - 2:7:2023 | Info: Lavalink: Node Main had an error: getaddrinfo ENOTFOUND lavalink.snooby.ml"}
{"level":"info","message":"21:function getMinutes() { [native code] } - 2:7:2023 | Info: Lavalink: Node Main had an error: getaddrinfo ENOTFOUND lavalink.snooby.ml"}
{"level":"info","message":"21:function getMinutes() { [native code] } - 2:7:2023 | Info: Lavalink: Node Main had an error: getaddrinfo ENOTFOUND lavalink.snooby.ml"}
{"level":"info","message":"21:function getMinutes() { [native code] } - 2:7:2023 | Info: Lavalink: Node Main had an error: getaddrinfo ENOTFOUND lavalink.snooby.ml"}
{"level":"info","message":"21:function getMinutes() { [native code] } - 2:7:2023 | Info: Lavalink: Node Main had an error: getaddrinfo ENOTFOUND lavalink.snooby.ml"}
{"level":"info","message":"21:function getMinutes() { [native code] } - 2:7:2023 | Info: Lavalink: Node Main had an error: getaddrinfo ENOTFOUND lavalink.snooby.ml"}
{"level":"info","message":"21:function getMinutes() { [native code] } - 2:7:2023 | Info: Lavalink: Node Main had an error: getaddrinfo ENOTFOUND lavalink.snooby.ml"}
{"level":"info","message":"21:function getMinutes() { [native code] } - 2:7:2023 | Info: Lavalink: Node Main had an error: getaddrinfo ENOTFOUND lavalink.snooby.ml"}
{"level":"info","message":"21:function getMinutes() { [native code] } - 2:7:2023 | Info: Lavalink: Node Main had an error: getaddrinfo ENOTFOUND lavalink.snooby.ml"}
{"level":"info","message":"21:function getMinutes() { [native code] } - 2:7:2023 | Info: Lavalink: Node Main had an error: getaddrinfo ENOTFOUND lavalink.snooby.ml"}
{"level":"info","message":"21:function getMinutes() { [native code] } - 2:7:2023 | Info: Lavalink: Node Main had an error: getaddrinfo ENOTFOUND lavalink.snooby.ml"}
{"level":"info","message":"21:function getMinutes() { [native code] } - 2:7:2023 | Info: Lavalink: Node Main had an error: getaddrinfo ENOTFOUND lavalink.snooby.ml"}
{"level":"info","message":"21:function getMinutes() { [native code] } - 2:7:2023 | Info: Lavalink: Node Main had an error: getaddrinfo ENOTFOUND lavalink.snooby.ml"}
{"level":"info","message":"21:function getMinutes() { [native code] } - 2:7:2023 | Info: Lavalink: Node Main had an error: getaddrinfo ENOTFOUND lavalink.snooby.ml"}
{"level":"info","message":"21:function getMinutes() { [native code] } - 2:7:2023 | Info: Lavalink: Node Main had an error: getaddrinfo ENOTFOUND lavalink.snooby.ml"}
{"level":"info","message":"21:function getMinutes() { [native code] } - 2:7:2023 | Info: Lavalink: Node Main had an error: getaddrinfo ENOTFOUND lavalink.snooby.ml"}
{"level":"info","message":"21:function getMinutes() { [native code] } - 2:7:2023 | Info: Lavalink: Node Main had an error: getaddrinfo ENOTFOUND lavalink.snooby.ml"}
{"level":"info","message":"21:function getMinutes() { [native code] } - 2:7:2023 | Info: Lavalink: Node Main had an error: getaddrinfo ENOTFOUND lavalink.snooby.ml"}
{"level":"info","message":"21:function getMinutes() { [native code] } - 2:7:2023 | Info: Lavalink: Node Main had an error: getaddrinfo ENOTFOUND lavalink.snooby.ml"}
{"level":"info","message":"21:function getMinutes() { [native code] } - 2:7:2023 | Info: Lavalink: Node Main had an error: getaddrinfo ENOTFOUND lavalink.snooby.ml"}
{"level":"info","message":"21:function getMinutes() { [native code] } - 2:7:2023 | Info: Lavalink: Node Main had an error: getaddrinfo ENOTFOUND lavalink.snooby.ml"}
{"level":"info","message":"21:function getMinutes() { [native code] } - 2:7:2023 | Info: Lavalink: Node Main had an error: getaddrinfo ENOTFOUND lavalink.snooby.ml"}
{"level":"info","message":"21:function getMinutes() { [native code] } - 2:7:2023 | Info: Lavalink: Node Main had an error: getaddrinfo ENOTFOUND lavalink.snooby.ml"}
{"level":"info","message":"21:function getMinutes() { [native code] } - 2:7:2023 | Info: Lavalink: Node Main had an error: getaddrinfo ENOTFOUND lavalink.snooby.ml"}
{"level":"info","message":"21:function getMinutes() { [native code] } - 2:7:2023 | Info: Lavalink: Node Main had an error: getaddrinfo ENOTFOUND lavalink.snooby.ml"}
{"level":"info","message":"21:function getMinutes() { [native code] } - 2:7:2023 | Info: Lavalink: Node Main had an error: getaddrinfo ENOTFOUND lavalink.snooby.ml"}
{"level":"info","message":"21:function getMinutes() { [native code] } - 2:7:2023 | Info: Lavalink: Node Main had an error: getaddrinfo ENOTFOUND lavalink.snooby.ml"}
{"level":"info","message":"21:function getMinutes() { [native code] } - 2:7:2023 | Info: Lavalink: Node Main had an error: getaddrinfo ENOTFOUND lavalink.snooby.ml"}
{"level":"info","message":"21:function getMinutes() { [native code] } - 2:7:2023 | Info: Lavalink: Node Main had an error: getaddrinfo ENOTFOUND lavalink.snooby.ml"}
{"level":"info","message":"21:function getMinutes() { [native code] } - 2:7:2023 | Info: Lavalink: Node Main had an error: getaddrinfo ENOTFOUND lavalink.snooby.ml"}
{"level":"info","message":"21:function getMinutes() { [native code] } - 2:7:2023 | Info: Lavalink: Node Main had an error: getaddrinfo ENOTFOUND lavalink.snooby.ml"}
{"level":"info","message":"21:function getMinutes() { [native code] } - 2:7:2023 | Info: Lavalink: Node Main had an error: getaddrinfo ENOTFOUND lavalink.snooby.ml"}
{"level":"info","message":"21:function getMinutes() { [native code] } - 2:7:2023 | Info: Lavalink: Node Main had an error: getaddrinfo ENOTFOUND lavalink.snooby.ml"}
{"level":"info","message":"21:function getMinutes() { [native code] } - 2:7:2023 | Info: Lavalink: Node Main had an error: getaddrinfo ENOTFOUND lavalink.snooby.ml"}
{"level":"info","message":"21:function getMinutes() { [native code] } - 2:7:2023 | Info: Lavalink: Node Main had an error: getaddrinfo ENOTFOUND lavalink.snooby.ml"}
{"level":"info","message":"21:function getMinutes() { [native code] } - 2:7:2023 | Info: Lavalink: Node Main had an error: getaddrinfo ENOTFOUND lavalink.snooby.ml"}
{"level":"info","message":"21:function getMinutes() { [native code] } - 2:7:2023 | Info: Lavalink: Node Main had an error: getaddrinfo ENOTFOUND lavalink.snooby.ml"}
{"level":"info","message":"21:function getMinutes() { [native code] } - 2:7:2023 | Info: Lavalink: Node Main had an error: getaddrinfo ENOTFOUND lavalink.snooby.ml"}
{"level":"info","message":"21:function getMinutes() { [native code] } - 2:7:2023 | Info: Lavalink: Node Main had an error: getaddrinfo ENOTFOUND lavalink.snooby.ml"}
{"level":"info","message":"21:function getMinutes() { [native code] } - 2:7:2023 | Info: Lavalink: Node Main had an error: getaddrinfo ENOTFOUND lavalink.snooby.ml"}
{"level":"info","message":"21:function getMinutes() { [native code] } - 2:7:2023 | Info: Lavalink: Node Main had an error: getaddrinfo ENOTFOUND lavalink.snooby.ml"}
{"level":"info","message":"21:function getMinutes() { [native code] } - 2:7:2023 | Info: Lavalink: Node Main had an error: getaddrinfo ENOTFOUND lavalink.snooby.ml"}
{"level":"info","message":"21:function getMinutes() { [native code] } - 2:7:2023 | Info: Lavalink: Node Main had an error: getaddrinfo ENOTFOUND lavalink.snooby.ml"}
{"level":"info","message":"21:function getMinutes() { [native code] } - 2:7:2023 | Info: Lavalink: Node Main had an error: getaddrinfo ENOTFOUND lavalink.snooby.ml"}
{"level":"info","message":"21:function getMinutes() { [native code] } - 2:7:2023 | Info: Lavalink: Node Main had an error: getaddrinfo ENOTFOUND lavalink.snooby.ml"}
{"level":"info","message":"21:function getMinutes() { [native code] } - 2:7:2023 | Info: Lavalink: Node Main had an error: getaddrinfo ENOTFOUND lavalink.snooby.ml"}
{"level":"info","message":"21:function getMinutes() { [native code] } - 2:7:2023 | Info: Lavalink: Node Main had an error: getaddrinfo ENOTFOUND lavalink.snooby.ml"}
{"level":"info","message":"21:function getMinutes() { [native code] } - 2:7:2023 | Info: Lavalink: Node Main had an error: getaddrinfo ENOTFOUND lavalink.snooby.ml"}
{"level":"info","message":"21:function getMinutes() { [native code] } - 2:7:2023 | Info: Lavalink: Node Main had an error: getaddrinfo ENOTFOUND lavalink.snooby.ml"}
{"level":"info","message":"21:function getMinutes() { [native code] } - 2:7:2023 | Info: Lavalink: Node Main had an error: getaddrinfo ENOTFOUND lavalink.snooby.ml"}
{"level":"info","message":"21:function getMinutes() { [native code] } - 2:7:2023 | Info: Lavalink: Node Main had an error: getaddrinfo ENOTFOUND lavalink.snooby.ml"}
{"level":"info","message":"21:function getMinutes() { [native code] } - 2:7:2023 | Info: Lavalink: Node Main had an error: getaddrinfo ENOTFOUND lavalink.snooby.ml"}
{"level":"info","message":"21:function getMinutes() { [native code] } - 2:7:2023 | Info: Lavalink: Node Main had an error: getaddrinfo ENOTFOUND lavalink.snooby.ml"}
{"level":"info","message":"21:function getMinutes() { [native code] } - 2:7:2023 | Info: Lavalink: Node Main had an error: getaddrinfo ENOTFOUND lavalink.snooby.ml"}
{"level":"info","message":"21:function getMinutes() { [native code] } - 2:7:2023 | Info: Lavalink: Node Main had an error: getaddrinfo ENOTFOUND lavalink.snooby.ml"}
{"level":"info","message":"21:function getMinutes() { [native code] } - 2:7:2023 | Info: Lavalink: Node Main had an error: getaddrinfo ENOTFOUND lavalink.snooby.ml"}
{"level":"info","message":"21:function getMinutes() { [native code] } - 2:7:2023 | Info: Lavalink: Node Main had an error: getaddrinfo ENOTFOUND lavalink.snooby.ml"}
{"level":"info","message":"21:function getMinutes() { [native code] } - 2:7:2023 | Info: Lavalink: Node Main had an error: getaddrinfo ENOTFOUND lavalink.snooby.ml"}
{"level":"info","message":"21:function getMinutes() { [native code] } - 2:7:2023 | Info: Lavalink: Node Main had an error: getaddrinfo ENOTFOUND lavalink.snooby.ml"}
{"level":"info","message":"21:function getMinutes() { [native code] } - 2:7:2023 | Info: Lavalink: Node Main had an error: getaddrinfo ENOTFOUND lavalink.snooby.ml"}
{"level":"info","message":"21:function getMinutes() { [native code] } - 2:7:2023 | Info: Lavalink: Node Main had an error: getaddrinfo ENOTFOUND lavalink.snooby.ml"}
{"level":"info","message":"21:function getMinutes() { [native code] } - 2:7:2023 | Info: Lavalink: Node Main had an error: getaddrinfo ENOTFOUND lavalink.snooby.ml"}
{"level":"info","message":"21:function getMinutes() { [native code] } - 2:7:2023 | Info: Lavalink: Node Main had an error: getaddrinfo ENOTFOUND lavalink.snooby.ml"}
{"level":"info","message":"21:function getMinutes() { [native code] } - 2:7:2023 | Info: Lavalink: Node Main had an error: getaddrinfo ENOTFOUND lavalink.snooby.ml"}
{"level":"info","message":"21:function getMinutes() { [native code] } - 2:7:2023 | Info: Lavalink: Node Main had an error: getaddrinfo ENOTFOUND lavalink.snooby.ml"}
{"level":"info","message":"21:function getMinutes() { [native code] } - 2:7:2023 | Info: Lavalink: Node Main had an error: getaddrinfo ENOTFOUND lavalink.snooby.ml"}
{"level":"info","message":"21:function getMinutes() { [native code] } - 2:7:2023 | Info: Lavalink: Node Main had an error: getaddrinfo ENOTFOUND lavalink.snooby.ml"}
{"level":"info","message":"21:function getMinutes() { [native code] } - 2:7:2023 | Info: Lavalink: Node Main had an error: getaddrinfo ENOTFOUND lavalink.snooby.ml"}
{"level":"info","message":"21:function getMinutes() { [native code] } - 2:7:2023 | Info: Lavalink: Node Main had an error: getaddrinfo ENOTFOUND lavalink.snooby.ml"}
{"level":"info","message":"21:function getMinutes() { [native code] } - 2:7:2023 | Info: Lavalink: Node Main had an error: getaddrinfo ENOTFOUND lavalink.snooby.ml"}
{"level":"info","message":"21:function getMinutes() { [native code] } - 2:7:2023 | Info: Lavalink: Node Main had an error: getaddrinfo ENOTFOUND lavalink.snooby.ml"}
{"level":"info","message":"21:function getMinutes() { [native code] } - 2:7:2023 | Info: Lavalink: Node Main had an error: getaddrinfo ENOTFOUND lavalink.snooby.ml"}
{"level":"info","message":"21:function getMinutes() { [native code] } - 2:7:2023 | Info: Lavalink: Node Main had an error: getaddrinfo ENOTFOUND lavalink.snooby.ml"}
{"level":"info","message":"21:function getMinutes() { [native code] } - 2:7:2023 | Info: Lavalink: Node Main had an error: getaddrinfo ENOTFOUND lavalink.snooby.ml"}
{"level":"info","message":"21:function getMinutes() { [native code] } - 2:7:2023 | Info: Lavalink: Node Main had an error: getaddrinfo ENOTFOUND lavalink.snooby.ml"}
{"level":"info","message":"21:function getMinutes() { [native code] } - 2:7:2023 | Info: Lavalink: Node Main had an error: getaddrinfo ENOTFOUND lavalink.snooby.ml"}
{"level":"info","message":"21:function getMinutes() { [native code] } - 2:7:2023 | Info: Lavalink: Node Main had an error: getaddrinfo ENOTFOUND lavalink.snooby.ml"}
{"level":"info","message":"21:function getMinutes() { [native code] } - 2:7:2023 | Info: Lavalink: Node Main had an error: getaddrinfo ENOTFOUND lavalink.snooby.ml"}
{"level":"info","message":"21:function getMinutes() { [native code] } - 2:7:2023 | Info: Lavalink: Node Main had an error: getaddrinfo ENOTFOUND lavalink.snooby.ml"}
{"level":"info","message":"21:function getMinutes() { [native code] } - 2:7:2023 | Info: Lavalink: Node Main had an error: getaddrinfo ENOTFOUND lavalink.snooby.ml"}
{"level":"info","message":"21:function getMinutes() { [native code] } - 2:7:2023 | Info: Lavalink: Node Main had an error: getaddrinfo ENOTFOUND lavalink.snooby.ml"}
{"level":"info","message":"21:function getMinutes() { [native code] } - 2:7:2023 | Info: Lavalink: Node Main had an error: getaddrinfo ENOTFOUND lavalink.snooby.ml"}
{"level":"info","message":"21:function getMinutes() { [native code] } - 2:7:2023 | Info: Lavalink: Node Main had an error: getaddrinfo ENOTFOUND lavalink.snooby.ml"}
{"level":"info","message":"21:function getMinutes() { [native code] } - 2:7:2023 | Info: Lavalink: Node Main had an error: getaddrinfo ENOTFOUND lavalink.snooby.ml"}
{"level":"info","message":"21:function getMinutes() { [native code] } - 2:7:2023 | Info: Lavalink: Node Main had an error: getaddrinfo ENOTFOUND lavalink.snooby.ml"}
{"level":"info","message":"21:function getMinutes() { [native code] } - 2:7:2023 | Info: Lavalink: Node Main had an error: getaddrinfo ENOTFOUND lavalink.snooby.ml"}
{"level":"info","message":"21:function getMinutes() { [native code] } - 2:7:2023 | Info: Lavalink: Node Main had an error: getaddrinfo ENOTFOUND lavalink.snooby.ml"}
{"level":"info","message":"21:function getMinutes() { [native code] } - 2:7:2023 | Info: Lavalink: Node Main had an error: getaddrinfo ENOTFOUND lavalink.snooby.ml"}
{"level":"info","message":"21:function getMinutes() { [native code] } - 2:7:2023 | Info: Lavalink: Node Main had an error: getaddrinfo ENOTFOUND lavalink.snooby.ml"}
{"level":"info","message":"21:function getMinutes() { [native code] } - 2:7:2023 | Info: Lavalink: Node Main had an error: getaddrinfo ENOTFOUND lavalink.snooby.ml"}
{"level":"info","message":"21:function getMinutes() { [native code] } - 2:7:2023 | Info: Lavalink: Node Main had an error: getaddrinfo ENOTFOUND lavalink.snooby.ml"}
{"level":"info","message":"21:function getMinutes() { [native code] } - 2:7:2023 | Info: Lavalink: Node Main had an error: getaddrinfo ENOTFOUND lavalink.snooby.ml"}
{"level":"info","message":"21:function getMinutes() { [native code] } - 2:7:2023 | Info: Lavalink: Node Main had an error: getaddrinfo ENOTFOUND lavalink.snooby.ml"}
{"level":"info","message":"21:function getMinutes() { [native code] } - 2:7:2023 | Info: Lavalink: Node Main had an error: getaddrinfo ENOTFOUND lavalink.snooby.ml"}
{"level":"info","message":"21:function getMinutes() { [native code] } - 2:7:2023 | Info: Lavalink: Node Main had an error: getaddrinfo ENOTFOUND lavalink.snooby.ml"}
{"level":"info","message":"21:function getMinutes() { [native code] } - 2:7:2023 | Info: Lavalink: Node Main had an error: getaddrinfo ENOTFOUND lavalink.snooby.ml"}
{"level":"info","message":"21:function getMinutes() { [native code] } - 2:7:2023 | Info: Lavalink: Node Main had an error: getaddrinfo ENOTFOUND lavalink.snooby.ml"}
{"level":"info","message":"21:function getMinutes() { [native code] } - 2:7:2023 | Info: Lavalink: Node Main had an error: getaddrinfo ENOTFOUND lavalink.snooby.ml"}
{"level":"info","message":"21:function getMinutes() { [native code] } - 2:7:2023 | Info: Lavalink: Node Main had an error: getaddrinfo ENOTFOUND lavalink.snooby.ml"}
{"level":"info","message":"21:function getMinutes() { [native code] } - 2:7:2023 | Info: Lavalink: Node Main had an error: getaddrinfo ENOTFOUND lavalink.snooby.ml"}
{"level":"info","message":"21:function getMinutes() { [native code] } - 2:7:2023 | Info: Lavalink: Node Main had an error: getaddrinfo ENOTFOUND lavalink.snooby.ml"}
{"level":"info","message":"21:function getMinutes() { [native code] } - 2:7:2023 | Info: Lavalink: Node Main had an error: getaddrinfo ENOTFOUND lavalink.snooby.ml"}
{"level":"info","message":"21:function getMinutes() { [native code] } - 2:7:2023 | Info: Lavalink: Node Main had an error: getaddrinfo ENOTFOUND lavalink.snooby.ml"}
{"level":"info","message":"21:function getMinutes() { [native code] } - 2:7:2023 | Info: Lavalink: Node Main had an error: getaddrinfo ENOTFOUND lavalink.snooby.ml"}
{"level":"info","message":"21:function getMinutes() { [native code] } - 2:7:2023 | Info: Lavalink: Node Main had an error: getaddrinfo ENOTFOUND lavalink.snooby.ml"}
{"level":"info","message":"21:function getMinutes() { [native code] } - 2:7:2023 | Info: Lavalink: Node Main had an error: getaddrinfo ENOTFOUND lavalink.snooby.ml"}
{"level":"info","message":"21:function getMinutes() { [native code] } - 2:7:2023 | Info: Lavalink: Node Main had an error: getaddrinfo ENOTFOUND lavalink.snooby.ml"}
{"level":"info","message":"21:function getMinutes() { [native code] } - 2:7:2023 | Info: Lavalink: Node Main had an error: getaddrinfo ENOTFOUND lavalink.snooby.ml"}
{"level":"info","message":"21:function getMinutes() { [native code] } - 2:7:2023 | Info: Lavalink: Node Main had an error: getaddrinfo ENOTFOUND lavalink.snooby.ml"}
{"level":"info","message":"21:function getMinutes() { [native code] } - 2:7:2023 | Info: Lavalink: Node Main had an error: getaddrinfo ENOTFOUND lavalink.snooby.ml"}
{"level":"info","message":"21:function getMinutes() { [native code] } - 2:7:2023 | Info: Lavalink: Node Main had an error: getaddrinfo ENOTFOUND lavalink.snooby.ml"}
{"level":"info","message":"21:function getMinutes() { [native code] } - 2:7:2023 | Info: Lavalink: Node Main had an error: getaddrinfo ENOTFOUND lavalink.snooby.ml"}
{"level":"info","message":"21:function getMinutes() { [native code] } - 2:7:2023 | Info: Lavalink: Node Main had an error: getaddrinfo ENOTFOUND lavalink.snooby.ml"}
{"level":"info","message":"21:function getMinutes() { [native code] } - 2:7:2023 | Info: Lavalink: Node Main had an error: getaddrinfo ENOTFOUND lavalink.snooby.ml"}
{"level":"info","message":"21:function getMinutes() { [native code] } - 2:7:2023 | Info: Lavalink: Node Main had an error: getaddrinfo ENOTFOUND lavalink.snooby.ml"}
{"level":"info","message":"21:function getMinutes() { [native code] } - 2:7:2023 | Info: Lavalink: Node Main had an error: getaddrinfo ENOTFOUND lavalink.snooby.ml"}
{"level":"info","message":"21:function getMinutes() { [native code] } - 2:7:2023 | Info: Lavalink: Node Main had an error: getaddrinfo ENOTFOUND lavalink.snooby.ml"}
{"level":"info","message":"21:function getMinutes() { [native code] } - 2:7:2023 | Info: Lavalink: Node Main had an error: getaddrinfo ENOTFOUND lavalink.snooby.ml"}
{"level":"info","message":"21:function getMinutes() { [native code] } - 2:7:2023 | Info: Lavalink: Node Main had an error: getaddrinfo ENOTFOUND lavalink.snooby.ml"}
{"level":"info","message":"21:function getMinutes() { [native code] } - 2:7:2023 | Info: Lavalink: Node Main had an error: getaddrinfo ENOTFOUND lavalink.snooby.ml"}
{"level":"info","message":"21:function getMinutes() { [native code] } - 2:7:2023 | Info: Lavalink: Node Main had an error: getaddrinfo ENOTFOUND lavalink.snooby.ml"}
{"level":"info","message":"21:function getMinutes() { [native code] } - 2:7:2023 | Info: Lavalink: Node Main had an error: getaddrinfo ENOTFOUND lavalink.snooby.ml"}
{"level":"info","message":"21:function getMinutes() { [native code] } - 2:7:2023 | Info: Lavalink: Node Main had an error: getaddrinfo ENOTFOUND lavalink.snooby.ml"}
{"level":"info","message":"21:function getMinutes() { [native code] } - 2:7:2023 | Info: Lavalink: Node Main had an error: getaddrinfo ENOTFOUND lavalink.snooby.ml"}
{"level":"info","message":"21:function getMinutes() { [native code] } - 2:7:2023 | Info: Lavalink: Node Main had an error: getaddrinfo ENOTFOUND lavalink.snooby.ml"}
{"level":"info","message":"21:function getMinutes() { [native code] } - 2:7:2023 | Info: Lavalink: Node Main had an error: getaddrinfo ENOTFOUND lavalink.snooby.ml"}
{"level":"info","message":"21:function getMinutes() { [native code] } - 2:7:2023 | Info: Lavalink: Node Main had an error: getaddrinfo ENOTFOUND lavalink.snooby.ml"}
{"level":"info","message":"21:function getMinutes() { [native code] } - 2:7:2023 | Info: Lavalink: Node Main had an error: getaddrinfo ENOTFOUND lavalink.snooby.ml"}
{"level":"info","message":"21:function getMinutes() { [native code] } - 2:7:2023 | Info: Lavalink: Node Main had an error: getaddrinfo ENOTFOUND lavalink.snooby.ml"}
{"level":"info","message":"21:function getMinutes() { [native code] } - 2:7:2023 | Info: Lavalink: Node Main had an error: getaddrinfo ENOTFOUND lavalink.snooby.ml"}
{"level":"info","message":"21:function getMinutes() { [native code] } - 2:7:2023 | Info: Lavalink: Node Main had an error: getaddrinfo ENOTFOUND lavalink.snooby.ml"}
{"level":"info","message":"21:function getMinutes() { [native code] } - 2:7:2023 | Info: Lavalink: Node Main had an error: Unable to connect after 200 attempts."}
{"level":"info","message":"21:function getMinutes() { [native code] } - 2:7:2023 | Info: Web Server has been started"}
{"level":"info","message":"21:function getMinutes() { [native code] } - 2:7:2023 | Info: Command Loaded: bassboost"}
{"level":"info","message":"21:function getMinutes() { [native code] } - 2:7:2023 | Info: Command Loaded: bump"}
{"level":"info","message":"21:function getMinutes() { [native code] } - 2:7:2023 | Info: Command Loaded: clear"}
{"level":"info","message":"21:function getMinutes() { [native code] } - 2:7:2023 | Info: Command Loaded: config"}
{"level":"info","message":"21:function getMinutes() { [native code] } - 2:7:2023 | Info: Command Loaded: disconnect"}
{"level":"info","message":"21:function getMinutes() { [native code] } - 2:7:2023 | Info: Command Loaded: grab"}
{"level":"info","message":"21:function getMinutes() { [native code] } - 2:7:2023 | Info: Command Loaded: help"}
{"level":"info","message":"21:function getMinutes() { [native code] } - 2:7:2023 | Info: Command Loaded: invite"}
{"level":"info","message":"21:function getMinutes() { [native code] } - 2:7:2023 | Info: Command Loaded: loop"}
{"level":"info","message":"21:function getMinutes() { [native code] } - 2:7:2023 | Info: Command Loaded: loopqueue"}
{"level":"info","message":"21:function getMinutes() { [native code] } - 2:7:2023 | Info: Command Loaded: lyrics"}
{"level":"info","message":"21:function getMinutes() { [native code] } - 2:7:2023 | Info: Command Loaded: move"}
{"level":"info","message":"21:function getMinutes() { [native code] } - 2:7:2023 | Info: Command Loaded: nowplaying"}
{"level":"info","message":"21:function getMinutes() { [native code] } - 2:7:2023 | Info: Command Loaded: pause"}
{"level":"info","message":"21:function getMinutes() { [native code] } - 2:7:2023 | Info: Command Loaded: play"}
{"level":"info","message":"21:function getMinutes() { [native code] } - 2:7:2023 | Info: Command Loaded: queue"}
{"level":"info","message":"21:function getMinutes() { [native code] } - 2:7:2023 | Info: Command Loaded: remove"}
{"level":"info","message":"21:function getMinutes() { [native code] } - 2:7:2023 | Info: Command Loaded: resume"}
{"level":"info","message":"21:function getMinutes() { [native code] } - 2:7:2023 | Info: Command Loaded: search"}
{"level":"info","message":"21:function getMinutes() { [native code] } - 2:7:2023 | Info: Command Loaded: seek"}
{"level":"info","message":"21:function getMinutes() { [native code] } - 2:7:2023 | Info: Command Loaded: shuffle"}
{"level":"info","message":"21:function getMinutes() { [native code] } - 2:7:2023 | Info: Command Loaded: skip"}
{"level":"info","message":"21:function getMinutes() { [native code] } - 2:7:2023 | Info: Command Loaded: skipto"}
{"level":"info","message":"21:function getMinutes() { [native code] } - 2:7:2023 | Info: Command Loaded: stats"}
{"level":"info","message":"21:function getMinutes() { [native code] } - 2:7:2023 | Info: Command Loaded: volume"}
{"level":"info","message":"21:function getMinutes() { [native code] } - 2:7:2023 | Info: Command Loaded: youtube"}
{"level":"info","message":"21:function getMinutes() { [native code] } - 2:7:2023 | Info: Event Loaded: guildCreate"}
{"level":"info","message":"21:function getMinutes() { [native code] } - 2:7:2023 | Info: Event Loaded: message"}
{"level":"info","message":"21:function getMinutes() { [native code] } - 2:7:2023 | Info: Event Loaded: raw"}
{"level":"info","message":"21:function getMinutes() { [native code] } - 2:7:2023 | Info: Event Loaded: ready"}
{"level":"info","message":"21:function getMinutes() { [native code] } - 2:7:2023 | Info: Event Loaded: voiceStateUpdate"}
{"level":"info","message":"21:function getMinutes() { [native code] } - 2:7:2023 | Info: Successfully Logged in as Cleitin DJ#5631"}
{"level":"info","message":"21:function getMinutes() { [native code] } - 2:7:2023 | Info: Registering slash commands for 859457830691536896"}
{"level":"info","message":"21:function getMinutes() { [native code] } - 2:7:2023 | Info: Registering slash commands for 1025526310140907533"}
{"level":"info","message":"21:function getMinutes() { [native code] } - 2:7:2023 | Info: [Slash Command]: [POST] Guild 859457830691536896, Command: bassboost"}
{"level":"info","message":"21:function getMinutes() { [native code] } - 2:7:2023 | Info: [Slash Command]: [POST] Guild 859457830691536896, Command: bump"}
{"level":"info","message":"21:function getMinutes() { [native code] } - 2:7:2023 | Info: [Slash Command]: [POST] Guild 859457830691536896, Command: clear"}
{"level":"info","message":"21:function getMinutes() { [native code] } - 2:7:2023 | Info: [Slash Command]: [POST] Guild 859457830691536896, Command: config"}
{"level":"info","message":"21:function getMinutes() { [native code] } - 2:7:2023 | Info: [Slash Command]: [POST] Guild 859457830691536896, Command: disconnect"}
{"level":"info","message":"21:function getMinutes() { [native code] } - 2:7:2023 | Info: [Slash Command]: [POST] Guild 859457830691536896, Command: grab"}
{"level":"info","message":"21:function getMinutes() { [native code] } - 2:7:2023 | Info: [Slash Command]: [POST] Guild 859457830691536896, Command: help"}
{"level":"info","message":"21:function getMinutes() { [native code] } - 2:7:2023 | Info: [Slash Command]: [POST] Guild 859457830691536896, Command: invite"}
{"level":"info","message":"21:function getMinutes() { [native code] } - 2:7:2023 | Info: [Slash Command]: [POST] Guild 859457830691536896, Command: loop"}
{"level":"info","message":"21:function getMinutes() { [native code] } - 2:7:2023 | Info: [Slash Command]: [POST] Guild 859457830691536896, Command: loopqueue"}
{"level":"info","message":"21:function getMinutes() { [native code] } - 2:7:2023 | Info: [Slash Command]: [POST] Guild 859457830691536896, Command: lyrics"}
{"level":"info","message":"21:function getMinutes() { [native code] } - 2:7:2023 | Info: [Slash Command]: [POST] Guild 859457830691536896, Command: move"}
{"level":"info","message":"21:function getMinutes() { [native code] } - 2:7:2023 | Info: [Slash Command]: [POST] Guild 859457830691536896, Command: nowplaying"}
{"level":"info","message":"21:function getMinutes() { [native code] } - 2:7:2023 | Info: [Slash Command]: [POST] Guild 859457830691536896, Command: pause"}
{"level":"info","message":"21:function getMinutes() { [native code] } - 2:7:2023 | Info: [Slash Command]: [POST] Guild 859457830691536896, Command: play"}
{"level":"info","message":"21:function getMinutes() { [native code] } - 2:7:2023 | Info: [Slash Command]: [POST] Guild 859457830691536896, Command: queue"}
{"level":"info","message":"21:function getMinutes() { [native code] } - 2:7:2023 | Info: [Slash Command]: [POST] Guild 859457830691536896, Command: remove"}
{"level":"info","message":"21:function getMinutes() { [native code] } - 2:7:2023 | Info: [Slash Command]: [POST] Guild 859457830691536896, Command: resume"}
{"level":"info","message":"21:function getMinutes() { [native code] } - 2:7:2023 | Info: [Slash Command]: [POST] Guild 859457830691536896, Command: search"}
{"level":"info","message":"21:function getMinutes() { [native code] } - 2:7:2023 | Info: [Slash Command]: [POST] Guild 859457830691536896, Command: shuffle"}
{"level":"info","message":"21:function getMinutes() { [native code] } - 2:7:2023 | Info: [Slash Command]: [POST] Guild 859457830691536896, Command: skip"}
{"level":"info","message":"21:function getMinutes() { [native code] } - 2:7:2023 | Info: [Slash Command]: [POST] Guild 859457830691536896, Command: skipto"}
{"level":"info","message":"21:function getMinutes() { [native code] } - 2:7:2023 | Info: [Slash Command]: [POST] Guild 859457830691536896, Command: stats"}
{"level":"info","message":"21:function getMinutes() { [native code] } - 2:7:2023 | Info: [Slash Command]: [POST] Guild 859457830691536896, Command: volume"}
{"level":"info","message":"21:function getMinutes() { [native code] } - 2:7:2023 | Info: [Slash Command]: [POST] Guild 859457830691536896, Command: youtube"}
{"level":"info","message":"21:function getMinutes() { [native code] } - 2:7:2023 | Info: [Slash Command]: [POST] Guild 1025526310140907533, Command: bassboost"}
{"level":"info","message":"21:function getMinutes() { [native code] } - 2:7:2023 | Info: [Slash Command]: [POST] Guild 1025526310140907533, Command: bump"}
{"level":"info","message":"21:function getMinutes() { [native code] } - 2:7:2023 | Info: [Slash Command]: [POST] Guild 1025526310140907533, Command: clear"}
{"level":"info","message":"21:function getMinutes() { [native code] } - 2:7:2023 | Info: [Slash Command]: [POST] Guild 1025526310140907533, Command: config"}
{"level":"info","message":"21:function getMinutes() { [native code] } - 2:7:2023 | Info: [Slash Command]: [POST] Guild 1025526310140907533, Command: disconnect"}
{"level":"info","message":"21:function getMinutes() { [native code] } - 2:7:2023 | Info: [Slash Command]: [POST] Guild 1025526310140907533, Command: grab"}
{"level":"info","message":"21:function getMinutes() { [native code] } - 2:7:2023 | Info: [Slash Command]: [POST] Guild 1025526310140907533, Command: help"}
{"level":"info","message":"21:function getMinutes() { [native code] } - 2:7:2023 | Info: [Slash Command]: [POST] Guild 1025526310140907533, Command: invite"}
{"level":"info","message":"21:function getMinutes() { [native code] } - 2:7:2023 | Info: [Slash Command]: [POST] Guild 1025526310140907533, Command: loop"}
{"level":"info","message":"21:function getMinutes() { [native code] } - 2:7:2023 | Info: [Slash Command]: [POST] Guild 1025526310140907533, Command: loopqueue"}
{"level":"info","message":"21:function getMinutes() { [native code] } - 2:7:2023 | Info: [Slash Command]: [POST] Guild 1025526310140907533, Command: lyrics"}
{"level":"info","message":"21:function getMinutes() { [native code] } - 2:7:2023 | Info: [Slash Command]: [POST] Guild 1025526310140907533, Command: move"}
{"level":"info","message":"21:function getMinutes() { [native code] } - 2:7:2023 | Info: [Slash Command]: [POST] Guild 1025526310140907533, Command: nowplaying"}
{"level":"info","message":"21:function getMinutes() { [native code] } - 2:7:2023 | Info: [Slash Command]: [POST] Guild 1025526310140907533, Command: pause"}
{"level":"info","message":"21:function getMinutes() { [native code] } - 2:7:2023 | Info: [Slash Command]: [POST] Guild 1025526310140907533, Command: play"}
{"level":"info","message":"21:function getMinutes() { [native code] } - 2:7:2023 | Info: [Slash Command]: [POST] Guild 1025526310140907533, Command: queue"}
{"level":"info","message":"21:function getMinutes() { [native code] } - 2:7:2023 | Info: [Slash Command]: [POST] Guild 1025526310140907533, Command: remove"}
{"level":"info","message":"21:function getMinutes() { [native code] } - 2:7:2023 | Info: [Slash Command]: [POST] Guild 1025526310140907533, Command: resume"}
{"level":"info","message":"21:function getMinutes() { [native code] } - 2:7:2023 | Info: [Slash Command]: [POST] Guild 1025526310140907533, Command: search"}
{"level":"info","message":"21:function getMinutes() { [native code] } - 2:7:2023 | Info: [Slash Command]: [POST] Guild 1025526310140907533, Command: shuffle"}
{"level":"info","message":"21:function getMinutes() { [native code] } - 2:7:2023 | Info: [Slash Command]: [POST] Guild 1025526310140907533, Command: skip"}
{"level":"info","message":"21:function getMinutes() { [native code] } - 2:7:2023 | Info: [Slash Command]: [POST] Guild 1025526310140907533, Command: skipto"}
{"level":"info","message":"21:function getMinutes() { [native code] } - 2:7:2023 | Info: [Slash Command]: [POST] Guild 1025526310140907533, Command: stats"}
{"level":"info","message":"21:function getMinutes() { [native code] } - 2:7:2023 | Info: [Slash Command]: [POST] Guild 1025526310140907533, Command: volume"}
{"level":"info","message":"21:function getMinutes() { [native code] } - 2:7:2023 | Info: [Slash Command]: [POST] Guild 1025526310140907533, Command: youtube"}
{"level":"info","message":"21:function getMinutes() { [native code] } - 2:7:2023 | Info: Lavalink: Node Main connected"}
{"level":"info","message":"21:function getMinutes() { [native code] } - 2:7:2023 | Info: Lavalink: Node Main connected"}
{"level":"info","message":"21:function getMinutes() { [native code] } - 2:7:2023 | Info: Lavalink: Node Main connected"}
{"level":"info","message":"21:function getMinutes() { [native code] } - 2:7:2023 | Info: Lavalink: Node Main connected"}
{"level":"info","message":"21:function getMinutes() { [native code] } - 2:7:2023 | Info: Lavalink: Node Main connected"}
{"level":"info","message":"21:function getMinutes() { [native code] } - 2:7:2023 | Info: Lavalink: Node Main connected"}
{"level":"info","message":"21:function getMinutes() { [native code] } - 2:7:2023 | Info: Lavalink: Node Main connected"}
{"level":"info","message":"21:function getMinutes() { [native code] } - 2:7:2023 | Info: Lavalink: Node Main connected"}
{"level":"info","message":"21:function getMinutes() { [native code] } - 2:7:2023 | Info: Lavalink: Node Main connected"}
{"level":"info","message":"21:function getMinutes() { [native code] } - 2:7:2023 | Info: Lavalink: Node Main connected"}
{"level":"info","message":"21:function getMinutes() { [native code] } - 2:7:2023 | Info: Lavalink: Node Main connected"}
{"level":"info","message":"21:function getMinutes() { [native code] } - 2:7:2023 | Info: Lavalink: Node Main connected"}
{"level":"info","message":"21:function getMinutes() { [native code] } - 2:7:2023 | Info: Lavalink: Node Main connected"}
{"level":"info","message":"21:function getMinutes() { [native code] } - 2:7:2023 | Info: Lavalink: Node Main connected"}
{"level":"info","message":"21:function getMinutes() { [native code] } - 2:7:2023 | Info: Lavalink: Node Main connected"}
{"level":"info","message":"21:function getMinutes() { [native code] } - 2:7:2023 | Info: Lavalink: Node Main connected"}
{"level":"info","message":"21:function getMinutes() { [native code] } - 2:7:2023 | Info: Lavalink: Node Main connected"}
{"level":"info","message":"21:function getMinutes() { [native code] } - 2:7:2023 | Info: Lavalink: Node Main connected"}
{"level":"info","message":"21:function getMinutes() { [native code] } - 2:7:2023 | Info: Lavalink: Node Main connected"}
{"level":"info","message":"21:function getMinutes() { [native code] } - 2:7:2023 | Info: Lavalink: Node Main connected"}
{"level":"info","message":"21:function getMinutes() { [native code] } - 2:7:2023 | Info: Lavalink: Node Main connected"}
{"level":"info","message":"21:function getMinutes() { [native code] } - 2:7:2023 | Info: Lavalink: Node Main connected"}
{"level":"info","message":"21:function getMinutes() { [native code] } - 2:7:2023 | Info: Lavalink: Node Main connected"}
{"level":"info","message":"21:function getMinutes() { [native code] } - 2:7:2023 | Info: Lavalink: Node Main connected"}
{"level":"info","message":"21:function getMinutes() { [native code] } - 2:7:2023 | Info: Lavalink: Node Main connected"}
{"level":"info","message":"21:function getMinutes() { [native code] } - 2:7:2023 | Info: Lavalink: Node Main connected"}
{"level":"info","message":"21:function getMinutes() { [native code] } - 2:7:2023 | Info: Lavalink: Node Main connected"}
{"level":"info","message":"21:function getMinutes() { [native code] } - 2:7:2023 | Info: Lavalink: Node Main connected"}
{"level":"info","message":"21:function getMinutes() { [native code] } - 2:7:2023 | Info: Lavalink: Node Main connected"}
{"level":"info","message":"21:function getMinutes() { [native code] } - 2:7:2023 | Info: Lavalink: Node Main connected"}
{"level":"info","message":"21:function getMinutes() { [native code] } - 2:7:2023 | Info: Lavalink: Node Main connected"}
{"level":"info","message":"21:function getMinutes() { [native code] } - 2:7:2023 | Info: Lavalink: Node Main connected"}
{"level":"info","message":"21:function getMinutes() { [native code] } - 2:7:2023 | Info: Lavalink: Node Main connected"}
{"level":"info","message":"21:function getMinutes() { [native code] } - 2:7:2023 | Info: Lavalink: Node Main connected"}
{"level":"info","message":"21:function getMinutes() { [native code] } - 2:7:2023 | Info: Lavalink: Node Main connected"}
{"level":"info","message":"21:function getMinutes() { [native code] } - 2:7:2023 | Info: Lavalink: Node Main connected"}
{"level":"info","message":"21:function getMinutes() { [native code] } - 2:7:2023 | Info: Lavalink: Node Main connected"}
{"level":"info","message":"21:function getMinutes() { [native code] } - 2:7:2023 | Info: Lavalink: Node Main connected"}
{"level":"info","message":"21:function getMinutes() { [native code] } - 2:7:2023 | Info: Lavalink: Node Main connected"}
{"level":"info","message":"21:function getMinutes() { [native code] } - 2:7:2023 | Info: Lavalink: Node Main connected"}
{"level":"info","message":"21:function getMinutes() { [native code] } - 2:7:2023 | Info: Lavalink: Node Main connected"}
{"level":"info","message":"21:function getMinutes() { [native code] } - 2:7:2023 | Info: Lavalink: Node Main connected"}
{"level":"info","message":"21:function getMinutes() { [native code] } - 2:7:2023 | Info: Lavalink: Node Main connected"}
{"level":"info","message":"21:function getMinutes() { [native code] } - 2:7:2023 | Info: Lavalink: Node Main connected"}
{"level":"info","message":"21:function getMinutes() { [native code] } - 2:7:2023 | Info: Lavalink: Node Main connected"}
{"level":"info","message":"21:function getMinutes() { [native code] } - 2:7:2023 | Info: Lavalink: Node Main connected"}
{"level":"info","message":"21:function getMinutes() { [native code] } - 2:7:2023 | Info: Lavalink: Node Main connected"}
{"level":"info","message":"21:function getMinutes() { [native code] } - 2:7:2023 | Info: Lavalink: Node Main connected"}
{"level":"info","message":"21:function getMinutes() { [native code] } - 2:7:2023 | Info: Lavalink: Node Main connected"}
{"level":"info","message":"21:function getMinutes() { [native code] } - 2:7:2023 | Info: Lavalink: Node Main connected"}
{"level":"info","message":"21:function getMinutes() { [native code] } - 2:7:2023 | Info: Lavalink: Node Main connected"}
{"level":"info","message":"21:function getMinutes() { [native code] } - 2:7:2023 | Info: Lavalink: Node Main connected"}
{"level":"info","message":"21:function getMinutes() { [native code] } - 2:7:2023 | Info: Lavalink: Node Main connected"}
{"level":"info","message":"21:function getMinutes() { [native code] } - 2:7:2023 | Info: Lavalink: Node Main connected"}
{"level":"info","message":"21:function getMinutes() { [native code] } - 2:7:2023 | Info: Lavalink: Node Main connected"}
{"level":"info","message":"21:function getMinutes() { [native code] } - 2:7:2023 | Info: Lavalink: Node Main connected"}
{"level":"info","message":"21:function getMinutes() { [native code] } - 2:7:2023 | Info: Lavalink: Node Main connected"}
{"level":"info","message":"21:function getMinutes() { [native code] } - 2:7:2023 | Info: Lavalink: Node Main connected"}
{"level":"info","message":"21:function getMinutes() { [native code] } - 2:7:2023 | Info: Lavalink: Node Main connected"}
{"level":"info","message":"21:function getMinutes() { [native code] } - 2:7:2023 | Info: Lavalink: Node Main connected"}
{"level":"info","message":"21:function getMinutes() { [native code] } - 2:7:2023 | Info: Lavalink: Node Main connected"}
{"level":"info","message":"21:function getMinutes() { [native code] } - 2:7:2023 | Info: Lavalink: Node Main connected"}
{"level":"info","message":"21:function getMinutes() { [native code] } - 2:7:2023 | Info: Lavalink: Node Main connected"}
{"level":"info","message":"21:function getMinutes() { [native code] } - 2:7:2023 | Info: Lavalink: Node Main connected"}
{"level":"info","message":"21:function getMinutes() { [native code] } - 2:7:2023 | Info: Lavalink: Node Main connected"}
{"level":"info","message":"21:function getMinutes() { [native code] } - 2:7:2023 | Info: Lavalink: Node Main connected"}
{"level":"info","message":"21:function getMinutes() { [native code] } - 2:7:2023 | Info: Lavalink: Node Main connected"}
{"level":"info","message":"21:function getMinutes() { [native code] } - 2:7:2023 | Info: Lavalink: Node Main connected"}
{"level":"info","message":"21:function getMinutes() { [native code] } - 2:7:2023 | Info: Lavalink: Node Main connected"}
{"level":"info","message":"21:function getMinutes() { [native code] } - 2:7:2023 | Info: Lavalink: Node Main connected"}
{"level":"info","message":"21:function getMinutes() { [native code] } - 2:7:2023 | Info: Lavalink: Node Main connected"}
{"level":"info","message":"21:function getMinutes() { [native code] } - 2:7:2023 | Info: Lavalink: Node Main connected"}
{"level":"info","message":"21:function getMinutes() { [native code] } - 2:7:2023 | Info: Lavalink: Node Main connected"}
{"level":"info","message":"21:function getMinutes() { [native code] } - 2:7:2023 | Info: Lavalink: Node Main connected"}
{"level":"info","message":"21:function getMinutes() { [native code] } - 2:7:2023 | Info: Lavalink: Node Main connected"}
{"level":"info","message":"21:function getMinutes() { [native code] } - 2:7:2023 | Info: Lavalink: Node Main connected"}
{"level":"info","message":"21:function getMinutes() { [native code] } - 2:7:2023 | Info: Lavalink: Node Main connected"}
{"level":"info","message":"21:function getMinutes() { [native code] } - 2:7:2023 | Info: Lavalink: Node Main connected"}
{"level":"info","message":"21:function getMinutes() { [native code] } - 2:7:2023 | Info: Lavalink: Node Main connected"}
{"level":"info","message":"21:function getMinutes() { [native code] } - 2:7:2023 | Info: Lavalink: Node Main connected"}
{"level":"info","message":"21:function getMinutes() { [native code] } - 2:7:2023 | Info: Lavalink: Node Main connected"}
{"level":"info","message":"21:function getMinutes() { [native code] } - 2:7:2023 | Info: Lavalink: Node Main connected"}
{"level":"info","message":"21:function getMinutes() { [native code] } - 2:7:2023 | Info: Lavalink: Node Main connected"}
{"level":"info","message":"21:function getMinutes() { [native code] } - 2:7:2023 | Info: Lavalink: Node Main connected"}
{"level":"info","message":"21:function getMinutes() { [native code] } - 2:7:2023 | Info: Lavalink: Node Main connected"}
{"level":"info","message":"21:function getMinutes() { [native code] } - 2:7:2023 | Info: Lavalink: Node Main connected"}
{"level":"info","message":"21:function getMinutes() { [native code] } - 2:7:2023 | Info: Lavalink: Node Main connected"}
{"level":"info","message":"21:function getMinutes() { [native code] } - 2:7:2023 | Info: Lavalink: Node Main connected"}
{"level":"info","message":"21:function getMinutes() { [native code] } - 2:7:2023 | Info: Lavalink: Node Main connected"}
{"level":"info","message":"21:function getMinutes() { [native code] } - 2:7:2023 | Info: Lavalink: Node Main connected"}
{"level":"info","message":"21:function getMinutes() { [native code] } - 2:7:2023 | Info: Lavalink: Node Main connected"}
{"level":"info","message":"21:function getMinutes() { [native code] } - 2:7:2023 | Info: Lavalink: Node Main connected"}
{"level":"info","message":"21:function getMinutes() { [native code] } - 2:7:2023 | Info: Lavalink: Node Main connected"}
{"level":"info","message":"21:function getMinutes() { [native code] } - 2:7:2023 | Info: Lavalink: Node Main connected"}
{"level":"info","message":"21:function getMinutes() { [native code] } - 2:7:2023 | Info: Lavalink: Node Main connected"}
{"level":"info","message":"21:function getMinutes() { [native code] } - 2:7:2023 | Info: Lavalink: Node Main connected"}
{"level":"info","message":"21:function getMinutes() { [native code] } - 2:7:2023 | Info: Lavalink: Node Main connected"}
{"level":"info","message":"21:function getMinutes() { [native code] } - 2:7:2023 | Info: Lavalink: Node Main connected"}
{"level":"info","message":"21:function getMinutes() { [native code] } - 2:7:2023 | Info: Lavalink: Node Main connected"}
{"level":"info","message":"21:function getMinutes() { [native code] } - 2:7:2023 | Info: Lavalink: Node Main connected"}
{"level":"info","message":"21:function getMinutes() { [native code] } - 2:7:2023 | Info: Lavalink: Node Main connected"}
{"level":"info","message":"21:function getMinutes() { [native code] } - 2:7:2023 | Info: Lavalink: Node Main connected"}
{"level":"info","message":"21:function getMinutes() { [native code] } - 2:7:2023 | Info: Lavalink: Node Main connected"}
{"level":"info","message":"21:function getMinutes() { [native code] } - 2:7:2023 | Info: Lavalink: Node Main connected"}
{"level":"info","message":"21:function getMinutes() { [native code] } - 2:7:2023 | Info: Lavalink: Node Main connected"}
{"level":"info","message":"21:function getMinutes() { [native code] } - 2:7:2023 | Info: Lavalink: Node Main connected"}
{"level":"info","message":"21:function getMinutes() { [native code] } - 2:7:2023 | Info: Lavalink: Node Main connected"}
{"level":"info","message":"21:function getMinutes() { [native code] } - 2:7:2023 | Info: Lavalink: Node Main connected"}
{"level":"info","message":"21:function getMinutes() { [native code] } - 2:7:2023 | Info: Lavalink: Node Main connected"}
{"level":"info","message":"21:function getMinutes() { [native code] } - 2:7:2023 | Info: Lavalink: Node Main connected"}
{"level":"info","message":"21:function getMinutes() { [native code] } - 2:7:2023 | Info: Lavalink: Node Main connected"}
{"level":"info","message":"21:function getMinutes() { [native code] } - 2:7:2023 | Info: Lavalink: Node Main connected"}
{"level":"info","message":"21:function getMinutes() { [native code] } - 2:7:2023 | Info: Lavalink: Node Main connected"}
{"level":"info","message":"21:function getMinutes() { [native code] } - 2:7:2023 | Info: Lavalink: Node Main connected"}
{"level":"info","message":"21:function getMinutes() { [native code] } - 2:7:2023 | Info: Lavalink: Node Main connected"}
{"level":"info","message":"21:function getMinutes() { [native code] } - 2:7:2023 | Info: Lavalink: Node Main connected"}
{"level":"info","message":"21:function getMinutes() { [native code] } - 2:7:2023 | Info: Lavalink: Node Main connected"}
{"level":"info","message":"21:function getMinutes() { [native code] } - 2:7:2023 | Info: Lavalink: Node Main connected"}
{"level":"info","message":"21:function getMinutes() { [native code] } - 2:7:2023 | Info: Lavalink: Node Main connected"}
{"level":"info","message":"21:function getMinutes() { [native code] } - 2:7:2023 | Info: Lavalink: Node Main connected"}
{"level":"info","message":"21:function getMinutes() { [native code] } - 2:7:2023 | Info: Lavalink: Node Main connected"}
{"level":"info","message":"21:function getMinutes() { [native code] } - 2:7:2023 | Info: Lavalink: Node Main connected"}
{"level":"info","message":"21:function getMinutes() { [native code] } - 2:7:2023 | Info: Lavalink: Node Main connected"}
{"level":"info","message":"21:function getMinutes() { [native code] } - 2:7:2023 | Info: Lavalink: Node Main connected"}
{"level":"info","message":"21:function getMinutes() { [native code] } - 2:7:2023 | Info: Lavalink: Node Main connected"}
{"level":"info","message":"21:function getMinutes() { [native code] } - 2:7:2023 | Info: Lavalink: Node Main connected"}
{"level":"info","message":"21:function getMinutes() { [native code] } - 2:7:2023 | Info: Lavalink: Node Main connected"}
{"level":"info","message":"21:function getMinutes() { [native code] } - 2:7:2023 | Info: Lavalink: Node Main connected"}
{"level":"info","message":"21:function getMinutes() { [native code] } - 2:7:2023 | Info: Lavalink: Node Main connected"}
{"level":"info","message":"21:function getMinutes() { [native code] } - 2:7:2023 | Info: Lavalink: Node Main connected"}
{"level":"info","message":"21:function getMinutes() { [native code] } - 2:7:2023 | Info: Lavalink: Node Main connected"}
{"level":"info","message":"21:function getMinutes() { [native code] } - 2:7:2023 | Info: Lavalink: Node Main connected"}
{"level":"info","message":"21:function getMinutes() { [native code] } - 2:7:2023 | Info: Lavalink: Node Main connected"}
{"level":"info","message":"21:function getMinutes() { [native code] } - 2:7:2023 | Info: Lavalink: Node Main connected"}
{"level":"info","message":"21:function getMinutes() { [native code] } - 2:7:2023 | Info: Lavalink: Node Main connected"}
{"level":"info","message":"21:function getMinutes() { [native code] } - 2:7:2023 | Info: Lavalink: Node Main connected"}
{"level":"info","message":"21:function getMinutes() { [native code] } - 2:7:2023 | Info: Lavalink: Node Main connected"}
{"level":"info","message":"21:function getMinutes() { [native code] } - 2:7:2023 | Info: Lavalink: Node Main connected"}
{"level":"info","message":"21:function getMinutes() { [native code] } - 2:7:2023 | Info: Lavalink: Node Main connected"}
{"level":"info","message":"21:function getMinutes() { [native code] } - 2:7:2023 | Info: Lavalink: Node Main connected"}
{"level":"info","message":"21:function getMinutes() { [native code] } - 2:7:2023 | Info: Lavalink: Node Main connected"}
{"level":"info","message":"21:function getMinutes() { [native code] } - 2:7:2023 | Info: Lavalink: Node Main connected"}
{"level":"info","message":"21:function getMinutes() { [native code] } - 2:7:2023 | Info: Lavalink: Node Main connected"}
{"level":"info","message":"21:function getMinutes() { [native code] } - 2:7:2023 | Info: Lavalink: Node Main connected"}
{"level":"info","message":"21:function getMinutes() { [native code] } - 2:7:2023 | Info: Lavalink: Node Main connected"}
{"level":"info","message":"21:function getMinutes() { [native code] } - 2:7:2023 | Info: Lavalink: Node Main connected"}
{"level":"info","message":"21:function getMinutes() { [native code] } - 2:7:2023 | Info: Lavalink: Node Main connected"}
{"level":"info","message":"21:function getMinutes() { [native code] } - 2:7:2023 | Info: Lavalink: Node Main connected"}
{"level":"info","message":"21:function getMinutes() { [native code] } - 2:7:2023 | Info: Lavalink: Node Main connected"}
{"level":"info","message":"21:function getMinutes() { [native code] } - 2:7:2023 | Info: Lavalink: Node Main connected"}
{"level":"info","message":"21:function getMinutes() { [native code] } - 2:7:2023 | Info: Lavalink: Node Main connected"}
{"level":"info","message":"21:function getMinutes() { [native code] } - 2:7:2023 | Info: Lavalink: Node Main connected"}
{"level":"info","message":"21:function getMinutes() { [native code] } - 2:7:2023 | Info: Lavalink: Node Main connected"}
{"level":"info","message":"21:function getMinutes() { [native code] } - 2:7:2023 | Info: Lavalink: Node Main connected"}
{"level":"info","message":"21:function getMinutes() { [native code] } - 2:7:2023 | Info: Lavalink: Node Main connected"}
{"level":"info","message":"21:function getMinutes() { [native code] } - 2:7:2023 | Info: Lavalink: Node Main connected"}
{"level":"info","message":"21:function getMinutes() { [native code] } - 2:7:2023 | Info: Lavalink: Node Main connected"}
{"level":"info","message":"21:function getMinutes() { [native code] } - 2:7:2023 | Info: Lavalink: Node Main connected"}
{"level":"info","message":"21:function getMinutes() { [native code] } - 2:7:2023 | Info: Lavalink: Node Main connected"}
{"level":"info","message":"21:function getMinutes() { [native code] } - 2:7:2023 | Info: Lavalink: Node Main connected"}
{"level":"info","message":"21:function getMinutes() { [native code] } - 2:7:2023 | Info: Lavalink: Node Main connected"}
{"level":"info","message":"21:function getMinutes() { [native code] } - 2:7:2023 | Info: Lavalink: Node Main connected"}
{"level":"info","message":"21:function getMinutes() { [native code] } - 2:7:2023 | Info: Lavalink: Node Main connected"}
{"level":"info","message":"21:function getMinutes() { [native code] } - 2:7:2023 | Info: Lavalink: Node Main connected"}
{"level":"info","message":"21:function getMinutes() { [native code] } - 2:7:2023 | Info: Lavalink: Node Main connected"}
{"level":"info","message":"21:function getMinutes() { [native code] } - 2:7:2023 | Info: Lavalink: Node Main connected"}
{"level":"info","message":"21:function getMinutes() { [native code] } - 2:7:2023 | Info: Lavalink: Node Main connected"}
{"level":"info","message":"21:function getMinutes() { [native code] } - 2:7:2023 | Info: Lavalink: Node Main connected"}
{"level":"info","message":"21:function getMinutes() { [native code] } - 2:7:2023 | Info: Lavalink: Node Main connected"}
{"level":"info","message":"21:function getMinutes() { [native code] } - 2:7:2023 | Info: Lavalink: Node Main connected"}
{"level":"info","message":"21:function getMinutes() { [native code] } - 2:7:2023 | Info: Lavalink: Node Main connected"}
{"level":"info","message":"21:function getMinutes() { [native code] } - 2:7:2023 | Info: Lavalink: Node Main connected"}
{"level":"info","message":"21:function getMinutes() { [native code] } - 2:7:2023 | Info: Lavalink: Node Main connected"}
{"level":"info","message":"21:function getMinutes() { [native code] } - 2:7:2023 | Info: Lavalink: Node Main connected"}
{"level":"info","message":"21:function getMinutes() { [native code] } - 2:7:2023 | Info: Lavalink: Node Main connected"}
{"level":"info","message":"21:function getMinutes() { [native code] } - 2:7:2023 | Info: Lavalink: Node Main connected"}
{"level":"info","message":"21:function getMinutes() { [native code] } - 2:7:2023 | Info: Lavalink: Node Main connected"}
{"level":"info","message":"21:function getMinutes() { [native code] } - 2:7:2023 | Info: Lavalink: Node Main connected"}
{"level":"info","message":"21:function getMinutes() { [native code] } - 2:7:2023 | Info: Lavalink: Node Main connected"}
{"level":"info","message":"21:function getMinutes() { [native code] } - 2:7:2023 | Info: Lavalink: Node Main connected"}
{"level":"info","message":"21:function getMinutes() { [native code] } - 2:7:2023 | Info: Lavalink: Node Main connected"}
{"level":"info","message":"21:function getMinutes() { [native code] } - 2:7:2023 | Info: Lavalink: Node Main connected"}
{"level":"info","message":"21:function getMinutes() { [native code] } - 2:7:2023 | Info: Lavalink: Node Main connected"}
{"level":"info","message":"21:function getMinutes() { [native code] } - 2:7:2023 | Info: Lavalink: Node Main connected"}
{"level":"info","message":"21:function getMinutes() { [native code] } - 2:7:2023 | Info: Lavalink: Node Main connected"}
{"level":"info","message":"21:function getMinutes() { [native code] } - 2:7:2023 | Info: Lavalink: Node Main connected"}
{"level":"info","message":"21:function getMinutes() { [native code] } - 2:7:2023 | Info: Lavalink: Node Main connected"}
{"level":"info","message":"21:function getMinutes() { [native code] } - 2:7:2023 | Info: Lavalink: Node Main connected"}
{"level":"info","message":"21:function getMinutes() { [native code] } - 2:7:2023 | Info: Lavalink: Node Main connected"}
{"level":"info","message":"21:function getMinutes() { [native code] } - 2:7:2023 | Info: Lavalink: Node Main connected"}
{"level":"info","message":"21:function getMinutes() { [native code] } - 2:7:2023 | Info: Lavalink: Node Main connected"}
{"level":"info","message":"21:function getMinutes() { [native code] } - 2:7:2023 | Info: Lavalink: Node Main connected"}
{"level":"info","message":"21:function getMinutes() { [native code] } - 2:7:2023 | Info: Lavalink: Node Main connected"}
{"level":"info","message":"21:function getMinutes() { [native code] } - 2:7:2023 | Info: Lavalink: Node Main connected"}
{"level":"info","message":"21:function getMinutes() { [native code] } - 2:7:2023 | Info: Lavalink: Node Main connected"}
{"level":"info","message":"21:function getMinutes() { [native code] } - 2:7:2023 | Info: Lavalink: Node Main connected"}
{"level":"info","message":"21:function getMinutes() { [native code] } - 2:7:2023 | Info: Lavalink: Node Main connected"}
{"level":"info","message":"21:function getMinutes() { [native code] } - 2:7:2023 | Info: Lavalink: Node Main connected"}
{"level":"info","message":"21:function getMinutes() { [native code] } - 2:7:2023 | Info: Lavalink: Node Main connected"}
{"level":"info","message":"21:function getMinutes() { [native code] } - 2:7:2023 | Info: Lavalink: Node Main connected"}
{"level":"info","message":"21:function getMinutes() { [native code] } - 2:7:2023 | Info: Lavalink: Node Main had an error: Unable to connect after 200 attempts."}
{"level":"info","message":"21:function getMinutes() { [native code] } - 2:7:2023 | Info: Web Server has been started"}
{"level":"info","message":"21:function getMinutes() { [native code] } - 2:7:2023 | Info: Command Loaded: bassboost"}
{"level":"info","message":"21:function getMinutes() { [native code] } - 2:7:2023 | Info: Command Loaded: bump"}
{"level":"info","message":"21:function getMinutes() { [native code] } - 2:7:2023 | Info: Command Loaded: clear"}
{"level":"info","message":"21:function getMinutes() { [native code] } - 2:7:2023 | Info: Command Loaded: config"}
{"level":"info","message":"21:function getMinutes() { [native code] } - 2:7:2023 | Info: Command Loaded: disconnect"}
{"level":"info","message":"21:function getMinutes() { [native code] } - 2:7:2023 | Info: Command Loaded: grab"}
{"level":"info","message":"21:function getMinutes() { [native code] } - 2:7:2023 | Info: Command Loaded: help"}
{"level":"info","message":"21:function getMinutes() { [native code] } - 2:7:2023 | Info: Command Loaded: invite"}
{"level":"info","message":"21:function getMinutes() { [native code] } - 2:7:2023 | Info: Command Loaded: loop"}
{"level":"info","message":"21:function getMinutes() { [native code] } - 2:7:2023 | Info: Command Loaded: loopqueue"}
{"level":"info","message":"21:function getMinutes() { [native code] } - 2:7:2023 | Info: Command Loaded: lyrics"}
{"level":"info","message":"21:function getMinutes() { [native code] } - 2:7:2023 | Info: Command Loaded: move"}
{"level":"info","message":"21:function getMinutes() { [native code] } - 2:7:2023 | Info: Command Loaded: nowplaying"}
{"level":"info","message":"21:function getMinutes() { [native code] } - 2:7:2023 | Info: Command Loaded: pause"}
{"level":"info","message":"21:function getMinutes() { [native code] } - 2:7:2023 | Info: Command Loaded: play"}
{"level":"info","message":"21:function getMinutes() { [native code] } - 2:7:2023 | Info: Command Loaded: queue"}
{"level":"info","message":"21:function getMinutes() { [native code] } - 2:7:2023 | Info: Command Loaded: remove"}
{"level":"info","message":"21:function getMinutes() { [native code] } - 2:7:2023 | Info: Command Loaded: resume"}
{"level":"info","message":"21:function getMinutes() { [native code] } - 2:7:2023 | Info: Command Loaded: search"}
{"level":"info","message":"21:function getMinutes() { [native code] } - 2:7:2023 | Info: Command Loaded: seek"}
{"level":"info","message":"21:function getMinutes() { [native code] } - 2:7:2023 | Info: Command Loaded: shuffle"}
{"level":"info","message":"21:function getMinutes() { [native code] } - 2:7:2023 | Info: Command Loaded: skip"}
{"level":"info","message":"21:function getMinutes() { [native code] } - 2:7:2023 | Info: Command Loaded: skipto"}
{"level":"info","message":"21:function getMinutes() { [native code] } - 2:7:2023 | Info: Command Loaded: stats"}
{"level":"info","message":"21:function getMinutes() { [native code] } - 2:7:2023 | Info: Command Loaded: volume"}
{"level":"info","message":"21:function getMinutes() { [native code] } - 2:7:2023 | Info: Command Loaded: youtube"}
{"level":"info","message":"21:function getMinutes() { [native code] } - 2:7:2023 | Info: Event Loaded: guildCreate"}
{"level":"info","message":"21:function getMinutes() { [native code] } - 2:7:2023 | Info: Event Loaded: message"}
{"level":"info","message":"21:function getMinutes() { [native code] } - 2:7:2023 | Info: Event Loaded: raw"}
{"level":"info","message":"21:function getMinutes() { [native code] } - 2:7:2023 | Info: Event Loaded: ready"}
{"level":"info","message":"21:function getMinutes() { [native code] } - 2:7:2023 | Info: Event Loaded: voiceStateUpdate"}
{"level":"info","message":"21:function getMinutes() { [native code] } - 2:7:2023 | Info: Successfully Logged in as Cleitin DJ#5631"}
{"level":"info","message":"21:function getMinutes() { [native code] } - 2:7:2023 | Info: Registering slash commands for 859457830691536896"}
{"level":"info","message":"21:function getMinutes() { [native code] } - 2:7:2023 | Info: Registering slash commands for 1025526310140907533"}
{"level":"info","message":"21:function getMinutes() { [native code] } - 2:7:2023 | Info: [Slash Command]: [POST] Guild 859457830691536896, Command: bassboost"}
{"level":"info","message":"21:function getMinutes() { [native code] } - 2:7:2023 | Info: [Slash Command]: [POST] Guild 859457830691536896, Command: bump"}
{"level":"info","message":"21:function getMinutes() { [native code] } - 2:7:2023 | Info: [Slash Command]: [POST] Guild 859457830691536896, Command: clear"}
{"level":"info","message":"21:function getMinutes() { [native code] } - 2:7:2023 | Info: [Slash Command]: [POST] Guild 859457830691536896, Command: config"}
{"level":"info","message":"21:function getMinutes() { [native code] } - 2:7:2023 | Info: [Slash Command]: [POST] Guild 859457830691536896, Command: disconnect"}
{"level":"info","message":"21:function getMinutes() { [native code] } - 2:7:2023 | Info: [Slash Command]: [POST] Guild 859457830691536896, Command: grab"}
{"level":"info","message":"21:function getMinutes() { [native code] } - 2:7:2023 | Info: [Slash Command]: [POST] Guild 859457830691536896, Command: help"}
{"level":"info","message":"21:function getMinutes() { [native code] } - 2:7:2023 | Info: [Slash Command]: [POST] Guild 859457830691536896, Command: invite"}
{"level":"info","message":"21:function getMinutes() { [native code] } - 2:7:2023 | Info: [Slash Command]: [POST] Guild 859457830691536896, Command: loop"}
{"level":"info","message":"21:function getMinutes() { [native code] } - 2:7:2023 | Info: [Slash Command]: [POST] Guild 859457830691536896, Command: loopqueue"}
{"level":"info","message":"21:function getMinutes() { [native code] } - 2:7:2023 | Info: [Slash Command]: [POST] Guild 859457830691536896, Command: lyrics"}
{"level":"info","message":"21:function getMinutes() { [native code] } - 2:7:2023 | Info: [Slash Command]: [POST] Guild 859457830691536896, Command: move"}
{"level":"info","message":"21:function getMinutes() { [native code] } - 2:7:2023 | Info: [Slash Command]: [POST] Guild 859457830691536896, Command: nowplaying"}
{"level":"info","message":"21:function getMinutes() { [native code] } - 2:7:2023 | Info: [Slash Command]: [POST] Guild 859457830691536896, Command: pause"}
{"level":"info","message":"21:function getMinutes() { [native code] } - 2:7:2023 | Info: [Slash Command]: [POST] Guild 859457830691536896, Command: play"}
{"level":"info","message":"21:function getMinutes() { [native code] } - 2:7:2023 | Info: [Slash Command]: [POST] Guild 859457830691536896, Command: queue"}
{"level":"info","message":"21:function getMinutes() { [native code] } - 2:7:2023 | Info: [Slash Command]: [POST] Guild 859457830691536896, Command: remove"}
{"level":"info","message":"21:function getMinutes() { [native code] } - 2:7:2023 | Info: [Slash Command]: [POST] Guild 859457830691536896, Command: resume"}
{"level":"info","message":"21:function getMinutes() { [native code] } - 2:7:2023 | Info: [Slash Command]: [POST] Guild 859457830691536896, Command: search"}
{"level":"info","message":"21:function getMinutes() { [native code] } - 2:7:2023 | Info: [Slash Command]: [POST] Guild 859457830691536896, Command: shuffle"}
{"level":"info","message":"21:function getMinutes() { [native code] } - 2:7:2023 | Info: [Slash Command]: [POST] Guild 859457830691536896, Command: skip"}
{"level":"info","message":"21:function getMinutes() { [native code] } - 2:7:2023 | Info: [Slash Command]: [POST] Guild 859457830691536896, Command: skipto"}
{"level":"info","message":"21:function getMinutes() { [native code] } - 2:7:2023 | Info: [Slash Command]: [POST] Guild 859457830691536896, Command: stats"}
{"level":"info","message":"21:function getMinutes() { [native code] } - 2:7:2023 | Info: [Slash Command]: [POST] Guild 859457830691536896, Command: volume"}
{"level":"info","message":"21:function getMinutes() { [native code] } - 2:7:2023 | Info: [Slash Command]: [POST] Guild 859457830691536896, Command: youtube"}
{"level":"info","message":"21:function getMinutes() { [native code] } - 2:7:2023 | Info: [Slash Command]: [POST] Guild 1025526310140907533, Command: bassboost"}
{"level":"info","message":"21:function getMinutes() { [native code] } - 2:7:2023 | Info: [Slash Command]: [POST] Guild 1025526310140907533, Command: bump"}
{"level":"info","message":"21:function getMinutes() { [native code] } - 2:7:2023 | Info: [Slash Command]: [POST] Guild 1025526310140907533, Command: clear"}
{"level":"info","message":"21:function getMinutes() { [native code] } - 2:7:2023 | Info: [Slash Command]: [POST] Guild 1025526310140907533, Command: config"}
{"level":"info","message":"21:function getMinutes() { [native code] } - 2:7:2023 | Info: [Slash Command]: [POST] Guild 1025526310140907533, Command: disconnect"}
{"level":"info","message":"21:function getMinutes() { [native code] } - 2:7:2023 | Info: [Slash Command]: [POST] Guild 1025526310140907533, Command: grab"}
{"level":"info","message":"21:function getMinutes() { [native code] } - 2:7:2023 | Info: [Slash Command]: [POST] Guild 1025526310140907533, Command: help"}
{"level":"info","message":"21:function getMinutes() { [native code] } - 2:7:2023 | Info: [Slash Command]: [POST] Guild 1025526310140907533, Command: invite"}
{"level":"info","message":"21:function getMinutes() { [native code] } - 2:7:2023 | Info: [Slash Command]: [POST] Guild 1025526310140907533, Command: loop"}
{"level":"info","message":"21:function getMinutes() { [native code] } - 2:7:2023 | Info: [Slash Command]: [POST] Guild 1025526310140907533, Command: loopqueue"}
{"level":"info","message":"21:function getMinutes() { [native code] } - 2:7:2023 | Info: [Slash Command]: [POST] Guild 1025526310140907533, Command: lyrics"}
{"level":"info","message":"21:function getMinutes() { [native code] } - 2:7:2023 | Info: [Slash Command]: [POST] Guild 1025526310140907533, Command: move"}
{"level":"info","message":"21:function getMinutes() { [native code] } - 2:7:2023 | Info: [Slash Command]: [POST] Guild 1025526310140907533, Command: nowplaying"}
{"level":"info","message":"21:function getMinutes() { [native code] } - 2:7:2023 | Info: [Slash Command]: [POST] Guild 1025526310140907533, Command: pause"}
{"level":"info","message":"21:function getMinutes() { [native code] } - 2:7:2023 | Info: [Slash Command]: [POST] Guild 1025526310140907533, Command: play"}
{"level":"info","message":"21:function getMinutes() { [native code] } - 2:7:2023 | Info: [Slash Command]: [POST] Guild 1025526310140907533, Command: queue"}
{"level":"info","message":"21:function getMinutes() { [native code] } - 2:7:2023 | Info: [Slash Command]: [POST] Guild 1025526310140907533, Command: remove"}
{"level":"info","message":"21:function getMinutes() { [native code] } - 2:7:2023 | Info: [Slash Command]: [POST] Guild 1025526310140907533, Command: resume"}
{"level":"info","message":"21:function getMinutes() { [native code] } - 2:7:2023 | Info: [Slash Command]: [POST] Guild 1025526310140907533, Command: search"}
{"level":"info","message":"21:function getMinutes() { [native code] } - 2:7:2023 | Info: [Slash Command]: [POST] Guild 1025526310140907533, Command: shuffle"}
{"level":"info","message":"21:function getMinutes() { [native code] } - 2:7:2023 | Info: [Slash Command]: [POST] Guild 1025526310140907533, Command: skip"}
{"level":"info","message":"21:function getMinutes() { [native code] } - 2:7:2023 | Info: [Slash Command]: [POST] Guild 1025526310140907533, Command: skipto"}
{"level":"info","message":"21:function getMinutes() { [native code] } - 2:7:2023 | Info: [Slash Command]: [POST] Guild 1025526310140907533, Command: stats"}
{"level":"info","message":"21:function getMinutes() { [native code] } - 2:7:2023 | Info: [Slash Command]: [POST] Guild 1025526310140907533, Command: volume"}
{"level":"info","message":"21:function getMinutes() { [native code] } - 2:7:2023 | Info: [Slash Command]: [POST] Guild 1025526310140907533, Command: youtube"}
{"level":"info","message":"21:function getMinutes() { [native code] } - 2:7:2023 | Info: Lavalink: Node Main connected"}
{"level":"info","message":"21:function getMinutes() { [native code] } - 2:7:2023 | Info: Lavalink: Node Main had an error: Unexpected op \"ready\" with data: [object Object]"}
